2016-10-06 21:10:57 Notice: Notice (8): Undefined index: section in [C:\xampp\htdocs\cms\plugins\TopBiz\src\Template\Element\section_1.ctp, line 2]
Trace:
Cake\Error\BaseErrorHandler::handleError() - CORE\src\Error\BaseErrorHandler.php, line 147
include - ROOT\plugins\TopBiz\src\Template\Element\section_1.ctp, line 2
Cake\View\View::_evaluate() - CORE\src\View\View.php, line 992
Cake\View\View::_render() - CORE\src\View\View.php, line 952
Cake\View\View::_renderElement() - CORE\src\View\View.php, line 1329
Cake\View\View::element() - CORE\src\View\View.php, line 493
include - ROOT\plugins\TopBiz\src\Template\Layout\layout.ctp, line 34
Cake\View\View::_evaluate() - CORE\src\View\View.php, line 992
Cake\View\View::_render() - CORE\src\View\View.php, line 952
Cake\View\View::renderLayout() - CORE\src\View\View.php, line 633
Cake\View\View::render() - CORE\src\View\View.php, line 592
Cake\Controller\Controller::render() - CORE\src\Controller\Controller.php, line 611
Cake\Routing\Dispatcher::_invoke() - CORE\src\Routing\Dispatcher.php, line 120
Cake\Routing\Dispatcher::dispatch() - CORE\src\Routing\Dispatcher.php, line 87
[main] - ROOT\webroot\index.php, line 37



2016-10-06 21:11:07 Notice: Notice (8): Undefined index: content in [C:\xampp\htdocs\cms\plugins\TopBiz\src\Template\Element\section_1.ctp, line 2]
Trace:
Cake\Error\BaseErrorHandler::handleError() - CORE\src\Error\BaseErrorHandler.php, line 147
include - ROOT\plugins\TopBiz\src\Template\Element\section_1.ctp, line 2
Cake\View\View::_evaluate() - CORE\src\View\View.php, line 992
Cake\View\View::_render() - CORE\src\View\View.php, line 952
Cake\View\View::_renderElement() - CORE\src\View\View.php, line 1329
Cake\View\View::element() - CORE\src\View\View.php, line 493
include - ROOT\plugins\TopBiz\src\Template\Layout\layout.ctp, line 34
Cake\View\View::_evaluate() - CORE\src\View\View.php, line 992
Cake\View\View::_render() - CORE\src\View\View.php, line 952
Cake\View\View::renderLayout() - CORE\src\View\View.php, line 633
Cake\View\View::render() - CORE\src\View\View.php, line 592
Cake\Controller\Controller::render() - CORE\src\Controller\Controller.php, line 611
Cake\Routing\Dispatcher::_invoke() - CORE\src\Routing\Dispatcher.php, line 120
Cake\Routing\Dispatcher::dispatch() - CORE\src\Routing\Dispatcher.php, line 87
[main] - ROOT\webroot\index.php, line 37



2016-10-06 21:23:34 Notice: Notice (8): Array to string conversion in [C:\xampp\htdocs\cms\vendor\cakephp\cakephp\src\View\View.php, line 1184]
Trace:
Cake\Error\BaseErrorHandler::handleError() - CORE\src\Error\BaseErrorHandler.php, line 147
Cake\View\View::_getElementFileName() - CORE\src\View\View.php, line 1184
Cake\View\View::element() - CORE\src\View\View.php, line 486
include - ROOT\plugins\TopBiz\src\Template\Layout\layout.ctp, line 35
Cake\View\View::_evaluate() - CORE\src\View\View.php, line 992
Cake\View\View::_render() - CORE\src\View\View.php, line 952
Cake\View\View::renderLayout() - CORE\src\View\View.php, line 633
Cake\View\View::render() - CORE\src\View\View.php, line 592
Cake\Controller\Controller::render() - CORE\src\Controller\Controller.php, line 611
Cake\Routing\Dispatcher::_invoke() - CORE\src\Routing\Dispatcher.php, line 120
Cake\Routing\Dispatcher::dispatch() - CORE\src\Routing\Dispatcher.php, line 87
[main] - ROOT\webroot\index.php, line 37



2016-10-06 21:23:34 Notice: Notice (8): Array to string conversion in [C:\xampp\htdocs\cms\vendor\cakephp\cakephp\src\View\View.php, line 1184]
Trace:
Cake\Error\BaseErrorHandler::handleError() - CORE\src\Error\BaseErrorHandler.php, line 147
Cake\View\View::_getElementFileName() - CORE\src\View\View.php, line 1184
Cake\View\View::element() - CORE\src\View\View.php, line 486
include - ROOT\plugins\TopBiz\src\Template\Layout\layout.ctp, line 35
Cake\View\View::_evaluate() - CORE\src\View\View.php, line 992
Cake\View\View::_render() - CORE\src\View\View.php, line 952
Cake\View\View::renderLayout() - CORE\src\View\View.php, line 633
Cake\View\View::render() - CORE\src\View\View.php, line 592
Cake\Controller\Controller::render() - CORE\src\Controller\Controller.php, line 611
Cake\Routing\Dispatcher::_invoke() - CORE\src\Routing\Dispatcher.php, line 120
Cake\Routing\Dispatcher::dispatch() - CORE\src\Routing\Dispatcher.php, line 87
[main] - ROOT\webroot\index.php, line 37



2016-10-06 21:23:34 Notice: Notice (8): Array to string conversion in [C:\xampp\htdocs\cms\vendor\cakephp\cakephp\src\View\View.php, line 1184]
Trace:
Cake\Error\BaseErrorHandler::handleError() - CORE\src\Error\BaseErrorHandler.php, line 147
Cake\View\View::_getElementFileName() - CORE\src\View\View.php, line 1184
Cake\View\View::element() - CORE\src\View\View.php, line 486
include - ROOT\plugins\TopBiz\src\Template\Layout\layout.ctp, line 35
Cake\View\View::_evaluate() - CORE\src\View\View.php, line 992
Cake\View\View::_render() - CORE\src\View\View.php, line 952
Cake\View\View::renderLayout() - CORE\src\View\View.php, line 633
Cake\View\View::render() - CORE\src\View\View.php, line 592
Cake\Controller\Controller::render() - CORE\src\Controller\Controller.php, line 611
Cake\Routing\Dispatcher::_invoke() - CORE\src\Routing\Dispatcher.php, line 120
Cake\Routing\Dispatcher::dispatch() - CORE\src\Routing\Dispatcher.php, line 87
[main] - ROOT\webroot\index.php, line 37



2016-10-06 21:23:34 Notice: Notice (8): Undefined offset: 0 in [C:\xampp\htdocs\cms\vendor\cakephp\cakephp\src\Core\functions.php, line 94]
Trace:
Cake\Error\BaseErrorHandler::handleError() - CORE\src\Error\BaseErrorHandler.php, line 147
pluginSplit - CORE\src\Core\functions.php, line 94
Cake\View\View::element() - CORE\src\View\View.php, line 497
include - ROOT\plugins\TopBiz\src\Template\Layout\layout.ctp, line 35
Cake\View\View::_evaluate() - CORE\src\View\View.php, line 992
Cake\View\View::_render() - CORE\src\View\View.php, line 952
Cake\View\View::renderLayout() - CORE\src\View\View.php, line 633
Cake\View\View::render() - CORE\src\View\View.php, line 592
Cake\Controller\Controller::render() - CORE\src\Controller\Controller.php, line 611
Cake\Routing\Dispatcher::_invoke() - CORE\src\Routing\Dispatcher.php, line 120
Cake\Routing\Dispatcher::dispatch() - CORE\src\Routing\Dispatcher.php, line 87
[main] - ROOT\webroot\index.php, line 37



2016-10-06 21:23:34 Notice: Notice (8): Undefined offset: 1 in [C:\xampp\htdocs\cms\vendor\cakephp\cakephp\src\View\View.php, line 497]
Trace:
Cake\Error\BaseErrorHandler::handleError() - CORE\src\Error\BaseErrorHandler.php, line 147
Cake\View\View::element() - CORE\src\View\View.php, line 497
include - ROOT\plugins\TopBiz\src\Template\Layout\layout.ctp, line 35
Cake\View\View::_evaluate() - CORE\src\View\View.php, line 992
Cake\View\View::_render() - CORE\src\View\View.php, line 952
Cake\View\View::renderLayout() - CORE\src\View\View.php, line 633
Cake\View\View::render() - CORE\src\View\View.php, line 592
Cake\Controller\Controller::render() - CORE\src\Controller\Controller.php, line 611
Cake\Routing\Dispatcher::_invoke() - CORE\src\Routing\Dispatcher.php, line 120
Cake\Routing\Dispatcher::dispatch() - CORE\src\Routing\Dispatcher.php, line 87
[main] - ROOT\webroot\index.php, line 37



2016-10-06 22:36:35 Notice: Notice (8): Undefined variable: footer in [C:\xampp\htdocs\cms\plugins\TopBiz\src\Template\Element\footer.ctp, line 9]
Trace:
Cake\Error\BaseErrorHandler::handleError() - CORE\src\Error\BaseErrorHandler.php, line 147
include - ROOT\plugins\TopBiz\src\Template\Element\footer.ctp, line 9
Cake\View\View::_evaluate() - CORE\src\View\View.php, line 992
Cake\View\View::_render() - CORE\src\View\View.php, line 952
Cake\View\View::_renderElement() - CORE\src\View\View.php, line 1329
Cake\View\View::element() - CORE\src\View\View.php, line 493
include - ROOT\plugins\TopBiz\src\Template\Pages\page.ctp, line 400
Cake\View\View::_evaluate() - CORE\src\View\View.php, line 992
Cake\View\View::_render() - CORE\src\View\View.php, line 952
Cake\View\View::render() - CORE\src\View\View.php, line 587
Cake\Controller\Controller::render() - CORE\src\Controller\Controller.php, line 611
Cake\Routing\Dispatcher::_invoke() - CORE\src\Routing\Dispatcher.php, line 120
Cake\Routing\Dispatcher::dispatch() - CORE\src\Routing\Dispatcher.php, line 87
[main] - ROOT\webroot\index.php, line 37



2016-10-06 22:36:35 Notice: Notice (8): Undefined variable: footer in [C:\xampp\htdocs\cms\plugins\TopBiz\src\Template\Element\footer.ctp, line 20]
Trace:
Cake\Error\BaseErrorHandler::handleError() - CORE\src\Error\BaseErrorHandler.php, line 147
include - ROOT\plugins\TopBiz\src\Template\Element\footer.ctp, line 20
Cake\View\View::_evaluate() - CORE\src\View\View.php, line 992
Cake\View\View::_render() - CORE\src\View\View.php, line 952
Cake\View\View::_renderElement() - CORE\src\View\View.php, line 1329
Cake\View\View::element() - CORE\src\View\View.php, line 493
include - ROOT\plugins\TopBiz\src\Template\Pages\page.ctp, line 400
Cake\View\View::_evaluate() - CORE\src\View\View.php, line 992
Cake\View\View::_render() - CORE\src\View\View.php, line 952
Cake\View\View::render() - CORE\src\View\View.php, line 587
Cake\Controller\Controller::render() - CORE\src\Controller\Controller.php, line 611
Cake\Routing\Dispatcher::_invoke() - CORE\src\Routing\Dispatcher.php, line 120
Cake\Routing\Dispatcher::dispatch() - CORE\src\Routing\Dispatcher.php, line 87
[main] - ROOT\webroot\index.php, line 37



2016-10-06 22:39:58 Notice: Notice (8): Undefined variable: footer in [C:\xampp\htdocs\cms\plugins\TopBiz\src\Template\Element\footer.ctp, line 9]
Trace:
Cake\Error\BaseErrorHandler::handleError() - CORE\src\Error\BaseErrorHandler.php, line 147
include - ROOT\plugins\TopBiz\src\Template\Element\footer.ctp, line 9
Cake\View\View::_evaluate() - CORE\src\View\View.php, line 992
Cake\View\View::_render() - CORE\src\View\View.php, line 952
Cake\View\View::_renderElement() - CORE\src\View\View.php, line 1329
Cake\View\View::element() - CORE\src\View\View.php, line 493
include - ROOT\plugins\TopBiz\src\Template\Pages\page.ctp, line 400
Cake\View\View::_evaluate() - CORE\src\View\View.php, line 992
Cake\View\View::_render() - CORE\src\View\View.php, line 952
Cake\View\View::render() - CORE\src\View\View.php, line 587
Cake\Controller\Controller::render() - CORE\src\Controller\Controller.php, line 611
Cake\Routing\Dispatcher::_invoke() - CORE\src\Routing\Dispatcher.php, line 120
Cake\Routing\Dispatcher::dispatch() - CORE\src\Routing\Dispatcher.php, line 87
[main] - ROOT\webroot\index.php, line 37



2016-10-06 22:39:58 Notice: Notice (8): Undefined variable: footer in [C:\xampp\htdocs\cms\plugins\TopBiz\src\Template\Element\footer.ctp, line 20]
Trace:
Cake\Error\BaseErrorHandler::handleError() - CORE\src\Error\BaseErrorHandler.php, line 147
include - ROOT\plugins\TopBiz\src\Template\Element\footer.ctp, line 20
Cake\View\View::_evaluate() - CORE\src\View\View.php, line 992
Cake\View\View::_render() - CORE\src\View\View.php, line 952
Cake\View\View::_renderElement() - CORE\src\View\View.php, line 1329
Cake\View\View::element() - CORE\src\View\View.php, line 493
include - ROOT\plugins\TopBiz\src\Template\Pages\page.ctp, line 400
Cake\View\View::_evaluate() - CORE\src\View\View.php, line 992
Cake\View\View::_render() - CORE\src\View\View.php, line 952
Cake\View\View::render() - CORE\src\View\View.php, line 587
Cake\Controller\Controller::render() - CORE\src\Controller\Controller.php, line 611
Cake\Routing\Dispatcher::_invoke() - CORE\src\Routing\Dispatcher.php, line 120
Cake\Routing\Dispatcher::dispatch() - CORE\src\Routing\Dispatcher.php, line 87
[main] - ROOT\webroot\index.php, line 37



2016-10-06 22:42:31 Notice: Notice (8): Undefined variable: footer in [C:\xampp\htdocs\cms\plugins\TopBiz\src\Template\Element\footer.ctp, line 9]
Trace:
Cake\Error\BaseErrorHandler::handleError() - CORE\src\Error\BaseErrorHandler.php, line 147
include - ROOT\plugins\TopBiz\src\Template\Element\footer.ctp, line 9
Cake\View\View::_evaluate() - CORE\src\View\View.php, line 992
Cake\View\View::_render() - CORE\src\View\View.php, line 952
Cake\View\View::_renderElement() - CORE\src\View\View.php, line 1329
Cake\View\View::element() - CORE\src\View\View.php, line 493
include - ROOT\plugins\TopBiz\src\Template\Pages\page.ctp, line 400
Cake\View\View::_evaluate() - CORE\src\View\View.php, line 992
Cake\View\View::_render() - CORE\src\View\View.php, line 952
Cake\View\View::render() - CORE\src\View\View.php, line 587
Cake\Controller\Controller::render() - CORE\src\Controller\Controller.php, line 611
Cake\Routing\Dispatcher::_invoke() - CORE\src\Routing\Dispatcher.php, line 120
Cake\Routing\Dispatcher::dispatch() - CORE\src\Routing\Dispatcher.php, line 87
[main] - ROOT\webroot\index.php, line 37



2016-10-06 22:42:31 Notice: Notice (8): Undefined variable: footer in [C:\xampp\htdocs\cms\plugins\TopBiz\src\Template\Element\footer.ctp, line 20]
Trace:
Cake\Error\BaseErrorHandler::handleError() - CORE\src\Error\BaseErrorHandler.php, line 147
include - ROOT\plugins\TopBiz\src\Template\Element\footer.ctp, line 20
Cake\View\View::_evaluate() - CORE\src\View\View.php, line 992
Cake\View\View::_render() - CORE\src\View\View.php, line 952
Cake\View\View::_renderElement() - CORE\src\View\View.php, line 1329
Cake\View\View::element() - CORE\src\View\View.php, line 493
include - ROOT\plugins\TopBiz\src\Template\Pages\page.ctp, line 400
Cake\View\View::_evaluate() - CORE\src\View\View.php, line 992
Cake\View\View::_render() - CORE\src\View\View.php, line 952
Cake\View\View::render() - CORE\src\View\View.php, line 587
Cake\Controller\Controller::render() - CORE\src\Controller\Controller.php, line 611
Cake\Routing\Dispatcher::_invoke() - CORE\src\Routing\Dispatcher.php, line 120
Cake\Routing\Dispatcher::dispatch() - CORE\src\Routing\Dispatcher.php, line 87
[main] - ROOT\webroot\index.php, line 37



2016-10-06 22:47:36 Notice: Notice (8): Undefined variable: description in [C:\xampp\htdocs\cms\plugins\TopBiz\src\Template\Pages\page.ctp, line 34]
Trace:
Cake\Error\BaseErrorHandler::handleError() - CORE\src\Error\BaseErrorHandler.php, line 147
include - ROOT\plugins\TopBiz\src\Template\Pages\page.ctp, line 34
Cake\View\View::_evaluate() - CORE\src\View\View.php, line 992
Cake\View\View::_render() - CORE\src\View\View.php, line 952
Cake\View\View::render() - CORE\src\View\View.php, line 587
Cake\Controller\Controller::render() - CORE\src\Controller\Controller.php, line 611
Cake\Routing\Dispatcher::_invoke() - CORE\src\Routing\Dispatcher.php, line 120
Cake\Routing\Dispatcher::dispatch() - CORE\src\Routing\Dispatcher.php, line 87
[main] - ROOT\webroot\index.php, line 37



2016-10-06 22:47:39 Notice: Notice (8): Undefined variable: description in [C:\xampp\htdocs\cms\plugins\TopBiz\src\Template\Pages\page.ctp, line 34]
Trace:
Cake\Error\BaseErrorHandler::handleError() - CORE\src\Error\BaseErrorHandler.php, line 147
include - ROOT\plugins\TopBiz\src\Template\Pages\page.ctp, line 34
Cake\View\View::_evaluate() - CORE\src\View\View.php, line 992
Cake\View\View::_render() - CORE\src\View\View.php, line 952
Cake\View\View::render() - CORE\src\View\View.php, line 587
Cake\Controller\Controller::render() - CORE\src\Controller\Controller.php, line 611
Cake\Routing\Dispatcher::_invoke() - CORE\src\Routing\Dispatcher.php, line 120
Cake\Routing\Dispatcher::dispatch() - CORE\src\Routing\Dispatcher.php, line 87
[main] - ROOT\webroot\index.php, line 37



