2016-09-26 09:27:37 Error: Fatal Error (1): Allowed memory size of 134217728 bytes exhausted (tried to allocate 16384 bytes) in [C:\xampp\htdocs\cms\vendor\cakephp\cakephp\src\View\View.php, line 990]
Trace:
Cake\Error\BaseErrorHandler::handleFatalError() - CORE\src\Error\BaseErrorHandler.php, line 216
Cake\Error\BaseErrorHandler::Cake\Error\{closure}() - CORE\src\Error\BaseErrorHandler.php, line 99
[main] - [internal], line ??



2016-09-26 09:27:37 Error: [Cake\Error\FatalErrorException] Allowed memory size of 134217728 bytes exhausted (tried to allocate 16384 bytes)
Request URL: /cms/
Stack Trace:
#0 C:\xampp\htdocs\cms\vendor\cakephp\cakephp\src\Error\BaseErrorHandler.php(99): Cake\Error\BaseErrorHandler->handleFatalError(1, 'Allowed memory ...', 'C:\\xampp\\htdocs...', 990)
#1 [internal function]: Cake\Error\BaseErrorHandler->Cake\Error\{closure}()
#2 {main}


2016-09-26 09:28:45 Error: Fatal Error (1): Allowed memory size of 134217728 bytes exhausted (tried to allocate 16384 bytes) in [C:\xampp\htdocs\cms\vendor\cakephp\cakephp\src\View\View.php, line 990]
Trace:
Cake\Error\BaseErrorHandler::handleFatalError() - CORE\src\Error\BaseErrorHandler.php, line 216
Cake\Error\BaseErrorHandler::Cake\Error\{closure}() - CORE\src\Error\BaseErrorHandler.php, line 99
[main] - [internal], line ??



2016-09-26 09:28:45 Error: [Cake\Error\FatalErrorException] Allowed memory size of 134217728 bytes exhausted (tried to allocate 16384 bytes)
Request URL: /cms/
Stack Trace:
#0 C:\xampp\htdocs\cms\vendor\cakephp\cakephp\src\Error\BaseErrorHandler.php(99): Cake\Error\BaseErrorHandler->handleFatalError(1, 'Allowed memory ...', 'C:\\xampp\\htdocs...', 990)
#1 [internal function]: Cake\Error\BaseErrorHandler->Cake\Error\{closure}()
#2 {main}


2016-09-26 09:28:51 Error: Fatal Error (1): Allowed memory size of 134217728 bytes exhausted (tried to allocate 16384 bytes) in [C:\xampp\htdocs\cms\vendor\cakephp\cakephp\src\View\View.php, line 990]
Trace:
Cake\Error\BaseErrorHandler::handleFatalError() - CORE\src\Error\BaseErrorHandler.php, line 216
Cake\Error\BaseErrorHandler::Cake\Error\{closure}() - CORE\src\Error\BaseErrorHandler.php, line 99
[main] - [internal], line ??



2016-09-26 09:28:51 Error: [Cake\Error\FatalErrorException] Allowed memory size of 134217728 bytes exhausted (tried to allocate 16384 bytes)
Request URL: /cms/
Stack Trace:
#0 C:\xampp\htdocs\cms\vendor\cakephp\cakephp\src\Error\BaseErrorHandler.php(99): Cake\Error\BaseErrorHandler->handleFatalError(1, 'Allowed memory ...', 'C:\\xampp\\htdocs...', 990)
#1 [internal function]: Cake\Error\BaseErrorHandler->Cake\Error\{closure}()
#2 {main}


2016-09-26 09:29:09 Error: Fatal Error (1): Allowed memory size of 134217728 bytes exhausted (tried to allocate 16384 bytes) in [C:\xampp\htdocs\cms\vendor\cakephp\cakephp\src\View\View.php, line 990]
Trace:
Cake\Error\BaseErrorHandler::handleFatalError() - CORE\src\Error\BaseErrorHandler.php, line 216
Cake\Error\BaseErrorHandler::Cake\Error\{closure}() - CORE\src\Error\BaseErrorHandler.php, line 99
[main] - [internal], line ??



2016-09-26 09:29:09 Error: [Cake\Error\FatalErrorException] Allowed memory size of 134217728 bytes exhausted (tried to allocate 16384 bytes)
Request URL: /cms/
Stack Trace:
#0 C:\xampp\htdocs\cms\vendor\cakephp\cakephp\src\Error\BaseErrorHandler.php(99): Cake\Error\BaseErrorHandler->handleFatalError(1, 'Allowed memory ...', 'C:\\xampp\\htdocs...', 990)
#1 [internal function]: Cake\Error\BaseErrorHandler->Cake\Error\{closure}()
#2 {main}


2016-09-26 09:29:28 Error: Fatal Error (1): Allowed memory size of 134217728 bytes exhausted (tried to allocate 16384 bytes) in [C:\xampp\htdocs\cms\vendor\cakephp\cakephp\src\View\View.php, line 990]
Trace:
Cake\Error\BaseErrorHandler::handleFatalError() - CORE\src\Error\BaseErrorHandler.php, line 216
Cake\Error\BaseErrorHandler::Cake\Error\{closure}() - CORE\src\Error\BaseErrorHandler.php, line 99
[main] - [internal], line ??



2016-09-26 09:29:29 Error: [Cake\Error\FatalErrorException] Allowed memory size of 134217728 bytes exhausted (tried to allocate 16384 bytes)
Request URL: /cms/
Stack Trace:
#0 C:\xampp\htdocs\cms\vendor\cakephp\cakephp\src\Error\BaseErrorHandler.php(99): Cake\Error\BaseErrorHandler->handleFatalError(1, 'Allowed memory ...', 'C:\\xampp\\htdocs...', 990)
#1 [internal function]: Cake\Error\BaseErrorHandler->Cake\Error\{closure}()
#2 {main}


2016-09-26 09:29:49 Error: [Cake\Routing\Exception\MissingControllerException] Controller class Images could not be found.
Exception Attributes: array (
  'class' => 'Images',
  'plugin' => NULL,
  'prefix' => NULL,
  '_ext' => NULL,
)
Request URL: /cms/images/favicon.png
Stack Trace:
#0 C:\xampp\htdocs\cms\webroot\index.php(37): Cake\Routing\Dispatcher->dispatch(Object(Cake\Network\Request), Object(Cake\Network\Response))
#1 {main}


2016-09-26 09:30:14 Error: Fatal Error (1): Allowed memory size of 134217728 bytes exhausted (tried to allocate 16384 bytes) in [C:\xampp\htdocs\cms\vendor\cakephp\cakephp\src\View\View.php, line 990]
Trace:
Cake\Error\BaseErrorHandler::handleFatalError() - CORE\src\Error\BaseErrorHandler.php, line 216
Cake\Error\BaseErrorHandler::Cake\Error\{closure}() - CORE\src\Error\BaseErrorHandler.php, line 99
[main] - [internal], line ??



2016-09-26 09:30:14 Error: [Cake\Error\FatalErrorException] Allowed memory size of 134217728 bytes exhausted (tried to allocate 16384 bytes)
Request URL: /cms/
Stack Trace:
#0 C:\xampp\htdocs\cms\vendor\cakephp\cakephp\src\Error\BaseErrorHandler.php(99): Cake\Error\BaseErrorHandler->handleFatalError(1, 'Allowed memory ...', 'C:\\xampp\\htdocs...', 990)
#1 [internal function]: Cake\Error\BaseErrorHandler->Cake\Error\{closure}()
#2 {main}


2016-09-26 09:30:42 Error: Fatal Error (1): Allowed memory size of 134217728 bytes exhausted (tried to allocate 16384 bytes) in [C:\xampp\htdocs\cms\vendor\cakephp\cakephp\src\View\View.php, line 990]
Trace:
Cake\Error\BaseErrorHandler::handleFatalError() - CORE\src\Error\BaseErrorHandler.php, line 216
Cake\Error\BaseErrorHandler::Cake\Error\{closure}() - CORE\src\Error\BaseErrorHandler.php, line 99
[main] - [internal], line ??



2016-09-26 09:30:42 Error: [Cake\Error\FatalErrorException] Allowed memory size of 134217728 bytes exhausted (tried to allocate 16384 bytes)
Request URL: /cms/
Stack Trace:
#0 C:\xampp\htdocs\cms\vendor\cakephp\cakephp\src\Error\BaseErrorHandler.php(99): Cake\Error\BaseErrorHandler->handleFatalError(1, 'Allowed memory ...', 'C:\\xampp\\htdocs...', 990)
#1 [internal function]: Cake\Error\BaseErrorHandler->Cake\Error\{closure}()
#2 {main}


2016-09-26 09:30:48 Error: Fatal Error (1): Allowed memory size of 134217728 bytes exhausted (tried to allocate 16384 bytes) in [C:\xampp\htdocs\cms\vendor\cakephp\cakephp\src\View\View.php, line 990]
Trace:
Cake\Error\BaseErrorHandler::handleFatalError() - CORE\src\Error\BaseErrorHandler.php, line 216
Cake\Error\BaseErrorHandler::Cake\Error\{closure}() - CORE\src\Error\BaseErrorHandler.php, line 99
[main] - [internal], line ??



2016-09-26 09:30:48 Error: [Cake\Error\FatalErrorException] Allowed memory size of 134217728 bytes exhausted (tried to allocate 16384 bytes)
Request URL: /cms/
Stack Trace:
#0 C:\xampp\htdocs\cms\vendor\cakephp\cakephp\src\Error\BaseErrorHandler.php(99): Cake\Error\BaseErrorHandler->handleFatalError(1, 'Allowed memory ...', 'C:\\xampp\\htdocs...', 990)
#1 [internal function]: Cake\Error\BaseErrorHandler->Cake\Error\{closure}()
#2 {main}


2016-09-26 09:31:25 Error: Fatal Error (1): Allowed memory size of 134217728 bytes exhausted (tried to allocate 16384 bytes) in [C:\xampp\htdocs\cms\vendor\cakephp\cakephp\src\View\View.php, line 990]
Trace:
Cake\Error\BaseErrorHandler::handleFatalError() - CORE\src\Error\BaseErrorHandler.php, line 216
Cake\Error\BaseErrorHandler::Cake\Error\{closure}() - CORE\src\Error\BaseErrorHandler.php, line 99
[main] - [internal], line ??



2016-09-26 09:31:25 Error: [Cake\Error\FatalErrorException] Allowed memory size of 134217728 bytes exhausted (tried to allocate 16384 bytes)
Request URL: /cms/
Stack Trace:
#0 C:\xampp\htdocs\cms\vendor\cakephp\cakephp\src\Error\BaseErrorHandler.php(99): Cake\Error\BaseErrorHandler->handleFatalError(1, 'Allowed memory ...', 'C:\\xampp\\htdocs...', 990)
#1 [internal function]: Cake\Error\BaseErrorHandler->Cake\Error\{closure}()
#2 {main}


2016-09-26 09:31:42 Error: Fatal Error (1): Allowed memory size of 134217728 bytes exhausted (tried to allocate 16384 bytes) in [C:\xampp\htdocs\cms\vendor\cakephp\cakephp\src\View\View.php, line 990]
Trace:
Cake\Error\BaseErrorHandler::handleFatalError() - CORE\src\Error\BaseErrorHandler.php, line 216
Cake\Error\BaseErrorHandler::Cake\Error\{closure}() - CORE\src\Error\BaseErrorHandler.php, line 99
[main] - [internal], line ??



2016-09-26 09:31:42 Error: [Cake\Error\FatalErrorException] Allowed memory size of 134217728 bytes exhausted (tried to allocate 16384 bytes)
Request URL: /cms/
Stack Trace:
#0 C:\xampp\htdocs\cms\vendor\cakephp\cakephp\src\Error\BaseErrorHandler.php(99): Cake\Error\BaseErrorHandler->handleFatalError(1, 'Allowed memory ...', 'C:\\xampp\\htdocs...', 990)
#1 [internal function]: Cake\Error\BaseErrorHandler->Cake\Error\{closure}()
#2 {main}


2016-09-26 09:32:08 Error: Fatal Error (1): Allowed memory size of 134217728 bytes exhausted (tried to allocate 16384 bytes) in [C:\xampp\htdocs\cms\vendor\cakephp\cakephp\src\View\View.php, line 990]
Trace:
Cake\Error\BaseErrorHandler::handleFatalError() - CORE\src\Error\BaseErrorHandler.php, line 216
Cake\Error\BaseErrorHandler::Cake\Error\{closure}() - CORE\src\Error\BaseErrorHandler.php, line 99
[main] - [internal], line ??



2016-09-26 09:32:08 Error: [Cake\Error\FatalErrorException] Allowed memory size of 134217728 bytes exhausted (tried to allocate 16384 bytes)
Request URL: /cms/
Stack Trace:
#0 C:\xampp\htdocs\cms\vendor\cakephp\cakephp\src\Error\BaseErrorHandler.php(99): Cake\Error\BaseErrorHandler->handleFatalError(1, 'Allowed memory ...', 'C:\\xampp\\htdocs...', 990)
#1 [internal function]: Cake\Error\BaseErrorHandler->Cake\Error\{closure}()
#2 {main}


2016-09-26 09:32:20 Error: Fatal Error (1): Allowed memory size of 134217728 bytes exhausted (tried to allocate 16384 bytes) in [C:\xampp\htdocs\cms\vendor\cakephp\cakephp\src\View\View.php, line 990]
Trace:
Cake\Error\BaseErrorHandler::handleFatalError() - CORE\src\Error\BaseErrorHandler.php, line 216
Cake\Error\BaseErrorHandler::Cake\Error\{closure}() - CORE\src\Error\BaseErrorHandler.php, line 99
[main] - [internal], line ??



2016-09-26 09:32:20 Error: [Cake\Error\FatalErrorException] Allowed memory size of 134217728 bytes exhausted (tried to allocate 16384 bytes)
Request URL: /cms/
Stack Trace:
#0 C:\xampp\htdocs\cms\vendor\cakephp\cakephp\src\Error\BaseErrorHandler.php(99): Cake\Error\BaseErrorHandler->handleFatalError(1, 'Allowed memory ...', 'C:\\xampp\\htdocs...', 990)
#1 [internal function]: Cake\Error\BaseErrorHandler->Cake\Error\{closure}()
#2 {main}


2016-09-26 09:32:43 Error: Fatal Error (1): Allowed memory size of 134217728 bytes exhausted (tried to allocate 16384 bytes) in [C:\xampp\htdocs\cms\vendor\cakephp\cakephp\src\View\View.php, line 990]
Trace:
Cake\Error\BaseErrorHandler::handleFatalError() - CORE\src\Error\BaseErrorHandler.php, line 216
Cake\Error\BaseErrorHandler::Cake\Error\{closure}() - CORE\src\Error\BaseErrorHandler.php, line 99
[main] - [internal], line ??



2016-09-26 09:32:43 Error: [Cake\Error\FatalErrorException] Allowed memory size of 134217728 bytes exhausted (tried to allocate 16384 bytes)
Request URL: /cms/
Stack Trace:
#0 C:\xampp\htdocs\cms\vendor\cakephp\cakephp\src\Error\BaseErrorHandler.php(99): Cake\Error\BaseErrorHandler->handleFatalError(1, 'Allowed memory ...', 'C:\\xampp\\htdocs...', 990)
#1 [internal function]: Cake\Error\BaseErrorHandler->Cake\Error\{closure}()
#2 {main}


2016-09-26 09:33:07 Error: Fatal Error (1): Allowed memory size of 134217728 bytes exhausted (tried to allocate 16384 bytes) in [C:\xampp\htdocs\cms\vendor\cakephp\cakephp\src\View\View.php, line 990]
Trace:
Cake\Error\BaseErrorHandler::handleFatalError() - CORE\src\Error\BaseErrorHandler.php, line 216
Cake\Error\BaseErrorHandler::Cake\Error\{closure}() - CORE\src\Error\BaseErrorHandler.php, line 99
[main] - [internal], line ??



2016-09-26 09:33:07 Error: [Cake\Error\FatalErrorException] Allowed memory size of 134217728 bytes exhausted (tried to allocate 16384 bytes)
Request URL: /cms/
Stack Trace:
#0 C:\xampp\htdocs\cms\vendor\cakephp\cakephp\src\Error\BaseErrorHandler.php(99): Cake\Error\BaseErrorHandler->handleFatalError(1, 'Allowed memory ...', 'C:\\xampp\\htdocs...', 990)
#1 [internal function]: Cake\Error\BaseErrorHandler->Cake\Error\{closure}()
#2 {main}


2016-09-26 09:33:27 Error: [Cake\Routing\Exception\MissingControllerException] Controller class Images could not be found.
Exception Attributes: array (
  'class' => 'Images',
  'plugin' => NULL,
  'prefix' => NULL,
  '_ext' => NULL,
)
Request URL: /cms/images/home1/folio3.jpg
Referer URL: http://localhost/cms/
Stack Trace:
#0 C:\xampp\htdocs\cms\webroot\index.php(37): Cake\Routing\Dispatcher->dispatch(Object(Cake\Network\Request), Object(Cake\Network\Response))
#1 {main}


2016-09-26 09:33:27 Error: [Cake\Routing\Exception\MissingControllerException] Controller class Images could not be found.
Exception Attributes: array (
  'class' => 'Images',
  'plugin' => NULL,
  'prefix' => NULL,
  '_ext' => NULL,
)
Request URL: /cms/images/home1/folio1.jpg
Referer URL: http://localhost/cms/
Stack Trace:
#0 C:\xampp\htdocs\cms\webroot\index.php(37): Cake\Routing\Dispatcher->dispatch(Object(Cake\Network\Request), Object(Cake\Network\Response))
#1 {main}


2016-09-26 09:33:27 Error: [Cake\Routing\Exception\MissingControllerException] Controller class Images could not be found.
Exception Attributes: array (
  'class' => 'Images',
  'plugin' => NULL,
  'prefix' => NULL,
  '_ext' => NULL,
)
Request URL: /cms/images/home1/folio4.jpg
Referer URL: http://localhost/cms/
Stack Trace:
#0 C:\xampp\htdocs\cms\webroot\index.php(37): Cake\Routing\Dispatcher->dispatch(Object(Cake\Network\Request), Object(Cake\Network\Response))
#1 {main}


2016-09-26 09:33:27 Error: [Cake\Routing\Exception\MissingControllerException] Controller class Images could not be found.
Exception Attributes: array (
  'class' => 'Images',
  'plugin' => NULL,
  'prefix' => NULL,
  '_ext' => NULL,
)
Request URL: /cms/images/home1/folio2.jpg
Referer URL: http://localhost/cms/
Stack Trace:
#0 C:\xampp\htdocs\cms\webroot\index.php(37): Cake\Routing\Dispatcher->dispatch(Object(Cake\Network\Request), Object(Cake\Network\Response))
#1 {main}


2016-09-26 09:33:28 Error: [Cake\Routing\Exception\MissingControllerException] Controller class Images could not be found.
Exception Attributes: array (
  'class' => 'Images',
  'plugin' => NULL,
  'prefix' => NULL,
  '_ext' => NULL,
)
Request URL: /cms/images/home1/folio5.jpg
Referer URL: http://localhost/cms/
Stack Trace:
#0 C:\xampp\htdocs\cms\webroot\index.php(37): Cake\Routing\Dispatcher->dispatch(Object(Cake\Network\Request), Object(Cake\Network\Response))
#1 {main}


2016-09-26 09:33:28 Error: [Cake\Routing\Exception\MissingControllerException] Controller class Images could not be found.
Exception Attributes: array (
  'class' => 'Images',
  'plugin' => NULL,
  'prefix' => NULL,
  '_ext' => NULL,
)
Request URL: /cms/images/home1/folio7.jpg
Referer URL: http://localhost/cms/
Stack Trace:
#0 C:\xampp\htdocs\cms\webroot\index.php(37): Cake\Routing\Dispatcher->dispatch(Object(Cake\Network\Request), Object(Cake\Network\Response))
#1 {main}


2016-09-26 09:33:28 Error: [Cake\Routing\Exception\MissingControllerException] Controller class Images could not be found.
Exception Attributes: array (
  'class' => 'Images',
  'plugin' => NULL,
  'prefix' => NULL,
  '_ext' => NULL,
)
Request URL: /cms/images/home1/folio8.jpg
Referer URL: http://localhost/cms/
Stack Trace:
#0 C:\xampp\htdocs\cms\webroot\index.php(37): Cake\Routing\Dispatcher->dispatch(Object(Cake\Network\Request), Object(Cake\Network\Response))
#1 {main}


2016-09-26 09:33:28 Error: [Cake\Routing\Exception\MissingControllerException] Controller class Images could not be found.
Exception Attributes: array (
  'class' => 'Images',
  'plugin' => NULL,
  'prefix' => NULL,
  '_ext' => NULL,
)
Request URL: /cms/images/home1/folio6.jpg
Referer URL: http://localhost/cms/
Stack Trace:
#0 C:\xampp\htdocs\cms\webroot\index.php(37): Cake\Routing\Dispatcher->dispatch(Object(Cake\Network\Request), Object(Cake\Network\Response))
#1 {main}


2016-09-26 09:33:29 Error: [Cake\Routing\Exception\MissingControllerException] Controller class Top_biz could not be found.
Exception Attributes: array (
  'class' => 'Top_biz',
  'plugin' => NULL,
  'prefix' => NULL,
  '_ext' => NULL,
)
Request URL: /cms/top_biz/fonts/fontawesome-webfont.woff2?v=4.3.0
Referer URL: http://localhost/cms/top_biz/css/font-awesome.min.css
Stack Trace:
#0 C:\xampp\htdocs\cms\webroot\index.php(37): Cake\Routing\Dispatcher->dispatch(Object(Cake\Network\Request), Object(Cake\Network\Response))
#1 {main}


2016-09-26 09:33:30 Error: [Cake\Routing\Exception\MissingControllerException] Controller class Images could not be found.
Exception Attributes: array (
  'class' => 'Images',
  'plugin' => NULL,
  'prefix' => NULL,
  '_ext' => NULL,
)
Request URL: /cms/images/home1/blog1.jpg
Referer URL: http://localhost/cms/
Stack Trace:
#0 C:\xampp\htdocs\cms\webroot\index.php(37): Cake\Routing\Dispatcher->dispatch(Object(Cake\Network\Request), Object(Cake\Network\Response))
#1 {main}


2016-09-26 09:33:30 Error: [Cake\Routing\Exception\MissingControllerException] Controller class Images could not be found.
Exception Attributes: array (
  'class' => 'Images',
  'plugin' => NULL,
  'prefix' => NULL,
  '_ext' => NULL,
)
Request URL: /cms/images/home1/folio9.jpg
Referer URL: http://localhost/cms/
Stack Trace:
#0 C:\xampp\htdocs\cms\webroot\index.php(37): Cake\Routing\Dispatcher->dispatch(Object(Cake\Network\Request), Object(Cake\Network\Response))
#1 {main}


2016-09-26 09:33:30 Error: [Cake\Routing\Exception\MissingControllerException] Controller class Images could not be found.
Exception Attributes: array (
  'class' => 'Images',
  'plugin' => NULL,
  'prefix' => NULL,
  '_ext' => NULL,
)
Request URL: /cms/images/home1/blog3.jpg
Referer URL: http://localhost/cms/
Stack Trace:
#0 C:\xampp\htdocs\cms\webroot\index.php(37): Cake\Routing\Dispatcher->dispatch(Object(Cake\Network\Request), Object(Cake\Network\Response))
#1 {main}


2016-09-26 09:33:55 Error: [Cake\Routing\Exception\MissingControllerException] Controller class Images could not be found.
Exception Attributes: array (
  'class' => 'Images',
  'plugin' => NULL,
  'prefix' => NULL,
  '_ext' => NULL,
)
Request URL: /cms/images/home1/folio1.jpg
Referer URL: http://localhost/cms/
Stack Trace:
#0 C:\xampp\htdocs\cms\webroot\index.php(37): Cake\Routing\Dispatcher->dispatch(Object(Cake\Network\Request), Object(Cake\Network\Response))
#1 {main}


2016-09-26 09:33:55 Error: [Cake\Routing\Exception\MissingControllerException] Controller class Images could not be found.
Exception Attributes: array (
  'class' => 'Images',
  'plugin' => NULL,
  'prefix' => NULL,
  '_ext' => NULL,
)
Request URL: /cms/images/home1/folio4.jpg
Referer URL: http://localhost/cms/
Stack Trace:
#0 C:\xampp\htdocs\cms\webroot\index.php(37): Cake\Routing\Dispatcher->dispatch(Object(Cake\Network\Request), Object(Cake\Network\Response))
#1 {main}


2016-09-26 09:33:55 Error: [Cake\Routing\Exception\MissingControllerException] Controller class Images could not be found.
Exception Attributes: array (
  'class' => 'Images',
  'plugin' => NULL,
  'prefix' => NULL,
  '_ext' => NULL,
)
Request URL: /cms/images/home1/folio3.jpg
Referer URL: http://localhost/cms/
Stack Trace:
#0 C:\xampp\htdocs\cms\webroot\index.php(37): Cake\Routing\Dispatcher->dispatch(Object(Cake\Network\Request), Object(Cake\Network\Response))
#1 {main}


2016-09-26 09:33:55 Error: [Cake\Routing\Exception\MissingControllerException] Controller class Images could not be found.
Exception Attributes: array (
  'class' => 'Images',
  'plugin' => NULL,
  'prefix' => NULL,
  '_ext' => NULL,
)
Request URL: /cms/images/home1/folio2.jpg
Referer URL: http://localhost/cms/
Stack Trace:
#0 C:\xampp\htdocs\cms\webroot\index.php(37): Cake\Routing\Dispatcher->dispatch(Object(Cake\Network\Request), Object(Cake\Network\Response))
#1 {main}


2016-09-26 09:33:56 Error: [Cake\Routing\Exception\MissingControllerException] Controller class Images could not be found.
Exception Attributes: array (
  'class' => 'Images',
  'plugin' => NULL,
  'prefix' => NULL,
  '_ext' => NULL,
)
Request URL: /cms/images/home1/folio5.jpg
Referer URL: http://localhost/cms/
Stack Trace:
#0 C:\xampp\htdocs\cms\webroot\index.php(37): Cake\Routing\Dispatcher->dispatch(Object(Cake\Network\Request), Object(Cake\Network\Response))
#1 {main}


2016-09-26 09:33:56 Error: [Cake\Routing\Exception\MissingControllerException] Controller class Images could not be found.
Exception Attributes: array (
  'class' => 'Images',
  'plugin' => NULL,
  'prefix' => NULL,
  '_ext' => NULL,
)
Request URL: /cms/images/home1/folio6.jpg
Referer URL: http://localhost/cms/
Stack Trace:
#0 C:\xampp\htdocs\cms\webroot\index.php(37): Cake\Routing\Dispatcher->dispatch(Object(Cake\Network\Request), Object(Cake\Network\Response))
#1 {main}


2016-09-26 09:33:56 Error: [Cake\Routing\Exception\MissingControllerException] Controller class Images could not be found.
Exception Attributes: array (
  'class' => 'Images',
  'plugin' => NULL,
  'prefix' => NULL,
  '_ext' => NULL,
)
Request URL: /cms/images/home1/folio8.jpg
Referer URL: http://localhost/cms/
Stack Trace:
#0 C:\xampp\htdocs\cms\webroot\index.php(37): Cake\Routing\Dispatcher->dispatch(Object(Cake\Network\Request), Object(Cake\Network\Response))
#1 {main}


2016-09-26 09:33:56 Error: [Cake\Routing\Exception\MissingControllerException] Controller class Images could not be found.
Exception Attributes: array (
  'class' => 'Images',
  'plugin' => NULL,
  'prefix' => NULL,
  '_ext' => NULL,
)
Request URL: /cms/images/home1/folio7.jpg
Referer URL: http://localhost/cms/
Stack Trace:
#0 C:\xampp\htdocs\cms\webroot\index.php(37): Cake\Routing\Dispatcher->dispatch(Object(Cake\Network\Request), Object(Cake\Network\Response))
#1 {main}


2016-09-26 09:33:56 Error: [Cake\Routing\Exception\MissingControllerException] Controller class Top_biz could not be found.
Exception Attributes: array (
  'class' => 'Top_biz',
  'plugin' => NULL,
  'prefix' => NULL,
  '_ext' => NULL,
)
Request URL: /cms/top_biz/fonts/fontawesome-webfont.woff2?v=4.3.0
Referer URL: http://localhost/cms/top_biz/css/font-awesome.min.css
Stack Trace:
#0 C:\xampp\htdocs\cms\webroot\index.php(37): Cake\Routing\Dispatcher->dispatch(Object(Cake\Network\Request), Object(Cake\Network\Response))
#1 {main}


2016-09-26 09:33:56 Error: [Cake\Routing\Exception\MissingControllerException] Controller class Images could not be found.
Exception Attributes: array (
  'class' => 'Images',
  'plugin' => NULL,
  'prefix' => NULL,
  '_ext' => NULL,
)
Request URL: /cms/images/home1/blog1.jpg
Referer URL: http://localhost/cms/
Stack Trace:
#0 C:\xampp\htdocs\cms\webroot\index.php(37): Cake\Routing\Dispatcher->dispatch(Object(Cake\Network\Request), Object(Cake\Network\Response))
#1 {main}


2016-09-26 09:33:56 Error: [Cake\Routing\Exception\MissingControllerException] Controller class Images could not be found.
Exception Attributes: array (
  'class' => 'Images',
  'plugin' => NULL,
  'prefix' => NULL,
  '_ext' => NULL,
)
Request URL: /cms/images/home1/folio9.jpg
Referer URL: http://localhost/cms/
Stack Trace:
#0 C:\xampp\htdocs\cms\webroot\index.php(37): Cake\Routing\Dispatcher->dispatch(Object(Cake\Network\Request), Object(Cake\Network\Response))
#1 {main}


2016-09-26 09:33:56 Error: [Cake\Routing\Exception\MissingControllerException] Controller class Images could not be found.
Exception Attributes: array (
  'class' => 'Images',
  'plugin' => NULL,
  'prefix' => NULL,
  '_ext' => NULL,
)
Request URL: /cms/images/home1/blog2.jpg
Referer URL: http://localhost/cms/
Stack Trace:
#0 C:\xampp\htdocs\cms\webroot\index.php(37): Cake\Routing\Dispatcher->dispatch(Object(Cake\Network\Request), Object(Cake\Network\Response))
#1 {main}


2016-09-26 09:33:56 Error: [Cake\Routing\Exception\MissingControllerException] Controller class Images could not be found.
Exception Attributes: array (
  'class' => 'Images',
  'plugin' => NULL,
  'prefix' => NULL,
  '_ext' => NULL,
)
Request URL: /cms/images/home1/blog3.jpg
Referer URL: http://localhost/cms/
Stack Trace:
#0 C:\xampp\htdocs\cms\webroot\index.php(37): Cake\Routing\Dispatcher->dispatch(Object(Cake\Network\Request), Object(Cake\Network\Response))
#1 {main}


