2016-09-27 20:51:47 Error: [Cake\Routing\Exception\MissingControllerException] Controller class Top_biz could not be found.
Exception Attributes: array (
  'class' => 'Top_biz',
  'plugin' => NULL,
  'prefix' => NULL,
  '_ext' => NULL,
)
Request URL: /cms/top_biz/fonts/fontawesome-webfont.woff2?v=4.3.0
Referer URL: http://localhost/cms/top_biz/css/font-awesome.min.css
Stack Trace:
#0 C:\xampp\htdocs\cms\webroot\index.php(37): Cake\Routing\Dispatcher->dispatch(Object(Cake\Network\Request), Object(Cake\Network\Response))
#1 {main}


2016-09-27 20:51:49 Error: [Cake\Routing\Exception\MissingControllerException] Controller class Images could not be found.
Exception Attributes: array (
  'class' => 'Images',
  'plugin' => NULL,
  'prefix' => NULL,
  '_ext' => NULL,
)
Request URL: /cms/images/home1/folio1.jpg
Referer URL: http://localhost/cms/
Stack Trace:
#0 C:\xampp\htdocs\cms\webroot\index.php(37): Cake\Routing\Dispatcher->dispatch(Object(Cake\Network\Request), Object(Cake\Network\Response))
#1 {main}


2016-09-27 20:51:49 Error: [Cake\Routing\Exception\MissingControllerException] Controller class Images could not be found.
Exception Attributes: array (
  'class' => 'Images',
  'plugin' => NULL,
  'prefix' => NULL,
  '_ext' => NULL,
)
Request URL: /cms/images/home1/folio2.jpg
Referer URL: http://localhost/cms/
Stack Trace:
#0 C:\xampp\htdocs\cms\webroot\index.php(37): Cake\Routing\Dispatcher->dispatch(Object(Cake\Network\Request), Object(Cake\Network\Response))
#1 {main}


2016-09-27 20:51:49 Error: [Cake\Routing\Exception\MissingControllerException] Controller class Images could not be found.
Exception Attributes: array (
  'class' => 'Images',
  'plugin' => NULL,
  'prefix' => NULL,
  '_ext' => NULL,
)
Request URL: /cms/images/home1/folio4.jpg
Referer URL: http://localhost/cms/
Stack Trace:
#0 C:\xampp\htdocs\cms\webroot\index.php(37): Cake\Routing\Dispatcher->dispatch(Object(Cake\Network\Request), Object(Cake\Network\Response))
#1 {main}


2016-09-27 20:51:49 Error: [Cake\Routing\Exception\MissingControllerException] Controller class Images could not be found.
Exception Attributes: array (
  'class' => 'Images',
  'plugin' => NULL,
  'prefix' => NULL,
  '_ext' => NULL,
)
Request URL: /cms/images/home1/folio3.jpg
Referer URL: http://localhost/cms/
Stack Trace:
#0 C:\xampp\htdocs\cms\webroot\index.php(37): Cake\Routing\Dispatcher->dispatch(Object(Cake\Network\Request), Object(Cake\Network\Response))
#1 {main}


2016-09-27 20:51:49 Error: [Cake\Routing\Exception\MissingControllerException] Controller class Images could not be found.
Exception Attributes: array (
  'class' => 'Images',
  'plugin' => NULL,
  'prefix' => NULL,
  '_ext' => NULL,
)
Request URL: /cms/images/home1/folio5.jpg
Referer URL: http://localhost/cms/
Stack Trace:
#0 C:\xampp\htdocs\cms\webroot\index.php(37): Cake\Routing\Dispatcher->dispatch(Object(Cake\Network\Request), Object(Cake\Network\Response))
#1 {main}


2016-09-27 20:51:49 Error: [Cake\Routing\Exception\MissingControllerException] Controller class Images could not be found.
Exception Attributes: array (
  'class' => 'Images',
  'plugin' => NULL,
  'prefix' => NULL,
  '_ext' => NULL,
)
Request URL: /cms/images/home1/folio6.jpg
Referer URL: http://localhost/cms/
Stack Trace:
#0 C:\xampp\htdocs\cms\webroot\index.php(37): Cake\Routing\Dispatcher->dispatch(Object(Cake\Network\Request), Object(Cake\Network\Response))
#1 {main}


2016-09-27 20:51:49 Error: [Cake\Routing\Exception\MissingControllerException] Controller class Images could not be found.
Exception Attributes: array (
  'class' => 'Images',
  'plugin' => NULL,
  'prefix' => NULL,
  '_ext' => NULL,
)
Request URL: /cms/images/home1/folio7.jpg
Referer URL: http://localhost/cms/
Stack Trace:
#0 C:\xampp\htdocs\cms\webroot\index.php(37): Cake\Routing\Dispatcher->dispatch(Object(Cake\Network\Request), Object(Cake\Network\Response))
#1 {main}


2016-09-27 20:51:49 Error: [Cake\Routing\Exception\MissingControllerException] Controller class Images could not be found.
Exception Attributes: array (
  'class' => 'Images',
  'plugin' => NULL,
  'prefix' => NULL,
  '_ext' => NULL,
)
Request URL: /cms/images/home1/folio8.jpg
Referer URL: http://localhost/cms/
Stack Trace:
#0 C:\xampp\htdocs\cms\webroot\index.php(37): Cake\Routing\Dispatcher->dispatch(Object(Cake\Network\Request), Object(Cake\Network\Response))
#1 {main}


2016-09-27 20:51:49 Error: [Cake\Routing\Exception\MissingControllerException] Controller class Images could not be found.
Exception Attributes: array (
  'class' => 'Images',
  'plugin' => NULL,
  'prefix' => NULL,
  '_ext' => NULL,
)
Request URL: /cms/images/home1/folio9.jpg
Referer URL: http://localhost/cms/
Stack Trace:
#0 C:\xampp\htdocs\cms\webroot\index.php(37): Cake\Routing\Dispatcher->dispatch(Object(Cake\Network\Request), Object(Cake\Network\Response))
#1 {main}


2016-09-27 20:51:49 Error: [Cake\Routing\Exception\MissingControllerException] Controller class Images could not be found.
Exception Attributes: array (
  'class' => 'Images',
  'plugin' => NULL,
  'prefix' => NULL,
  '_ext' => NULL,
)
Request URL: /cms/images/home1/blog1.jpg
Referer URL: http://localhost/cms/
Stack Trace:
#0 C:\xampp\htdocs\cms\webroot\index.php(37): Cake\Routing\Dispatcher->dispatch(Object(Cake\Network\Request), Object(Cake\Network\Response))
#1 {main}


2016-09-27 20:51:49 Error: [Cake\Routing\Exception\MissingControllerException] Controller class Images could not be found.
Exception Attributes: array (
  'class' => 'Images',
  'plugin' => NULL,
  'prefix' => NULL,
  '_ext' => NULL,
)
Request URL: /cms/images/home1/blog2.jpg
Referer URL: http://localhost/cms/
Stack Trace:
#0 C:\xampp\htdocs\cms\webroot\index.php(37): Cake\Routing\Dispatcher->dispatch(Object(Cake\Network\Request), Object(Cake\Network\Response))
#1 {main}


2016-09-27 20:51:49 Error: [Cake\Routing\Exception\MissingControllerException] Controller class Images could not be found.
Exception Attributes: array (
  'class' => 'Images',
  'plugin' => NULL,
  'prefix' => NULL,
  '_ext' => NULL,
)
Request URL: /cms/images/home1/blog3.jpg
Referer URL: http://localhost/cms/
Stack Trace:
#0 C:\xampp\htdocs\cms\webroot\index.php(37): Cake\Routing\Dispatcher->dispatch(Object(Cake\Network\Request), Object(Cake\Network\Response))
#1 {main}


2016-09-27 20:51:50 Error: [Cake\Routing\Exception\MissingControllerException] Controller class Images could not be found.
Exception Attributes: array (
  'class' => 'Images',
  'plugin' => NULL,
  'prefix' => NULL,
  '_ext' => NULL,
)
Request URL: /cms/images/favicon.png
Stack Trace:
#0 C:\xampp\htdocs\cms\webroot\index.php(37): Cake\Routing\Dispatcher->dispatch(Object(Cake\Network\Request), Object(Cake\Network\Response))
#1 {main}


2016-09-27 21:03:49 Error: [Cake\Routing\Exception\MissingControllerException] Controller class Top_biz could not be found.
Exception Attributes: array (
  'class' => 'Top_biz',
  'plugin' => NULL,
  'prefix' => NULL,
  '_ext' => NULL,
)
Request URL: /cms/top_biz/fonts/fontawesome-webfont.woff2?v=4.3.0
Referer URL: http://localhost/cms/top_biz/css/font-awesome.min.css
Stack Trace:
#0 C:\xampp\htdocs\cms\webroot\index.php(37): Cake\Routing\Dispatcher->dispatch(Object(Cake\Network\Request), Object(Cake\Network\Response))
#1 {main}


2016-09-27 21:03:49 Error: [Cake\Routing\Exception\MissingControllerException] Controller class Images could not be found.
Exception Attributes: array (
  'class' => 'Images',
  'plugin' => NULL,
  'prefix' => NULL,
  '_ext' => NULL,
)
Request URL: /cms/images/home1/folio1.jpg
Referer URL: http://localhost/cms/
Stack Trace:
#0 C:\xampp\htdocs\cms\webroot\index.php(37): Cake\Routing\Dispatcher->dispatch(Object(Cake\Network\Request), Object(Cake\Network\Response))
#1 {main}


2016-09-27 21:03:49 Error: [Cake\Routing\Exception\MissingControllerException] Controller class Images could not be found.
Exception Attributes: array (
  'class' => 'Images',
  'plugin' => NULL,
  'prefix' => NULL,
  '_ext' => NULL,
)
Request URL: /cms/images/home1/folio2.jpg
Referer URL: http://localhost/cms/
Stack Trace:
#0 C:\xampp\htdocs\cms\webroot\index.php(37): Cake\Routing\Dispatcher->dispatch(Object(Cake\Network\Request), Object(Cake\Network\Response))
#1 {main}


2016-09-27 21:03:49 Error: [Cake\Routing\Exception\MissingControllerException] Controller class Images could not be found.
Exception Attributes: array (
  'class' => 'Images',
  'plugin' => NULL,
  'prefix' => NULL,
  '_ext' => NULL,
)
Request URL: /cms/images/home1/folio3.jpg
Referer URL: http://localhost/cms/
Stack Trace:
#0 C:\xampp\htdocs\cms\webroot\index.php(37): Cake\Routing\Dispatcher->dispatch(Object(Cake\Network\Request), Object(Cake\Network\Response))
#1 {main}


2016-09-27 21:03:49 Error: [Cake\Routing\Exception\MissingControllerException] Controller class Images could not be found.
Exception Attributes: array (
  'class' => 'Images',
  'plugin' => NULL,
  'prefix' => NULL,
  '_ext' => NULL,
)
Request URL: /cms/images/home1/folio4.jpg
Referer URL: http://localhost/cms/
Stack Trace:
#0 C:\xampp\htdocs\cms\webroot\index.php(37): Cake\Routing\Dispatcher->dispatch(Object(Cake\Network\Request), Object(Cake\Network\Response))
#1 {main}


2016-09-27 21:03:50 Error: [Cake\Routing\Exception\MissingControllerException] Controller class Images could not be found.
Exception Attributes: array (
  'class' => 'Images',
  'plugin' => NULL,
  'prefix' => NULL,
  '_ext' => NULL,
)
Request URL: /cms/images/home1/folio5.jpg
Referer URL: http://localhost/cms/
Stack Trace:
#0 C:\xampp\htdocs\cms\webroot\index.php(37): Cake\Routing\Dispatcher->dispatch(Object(Cake\Network\Request), Object(Cake\Network\Response))
#1 {main}


2016-09-27 21:03:50 Error: [Cake\Routing\Exception\MissingControllerException] Controller class Images could not be found.
Exception Attributes: array (
  'class' => 'Images',
  'plugin' => NULL,
  'prefix' => NULL,
  '_ext' => NULL,
)
Request URL: /cms/images/home1/folio6.jpg
Referer URL: http://localhost/cms/
Stack Trace:
#0 C:\xampp\htdocs\cms\webroot\index.php(37): Cake\Routing\Dispatcher->dispatch(Object(Cake\Network\Request), Object(Cake\Network\Response))
#1 {main}


2016-09-27 21:03:50 Error: [Cake\Routing\Exception\MissingControllerException] Controller class Images could not be found.
Exception Attributes: array (
  'class' => 'Images',
  'plugin' => NULL,
  'prefix' => NULL,
  '_ext' => NULL,
)
Request URL: /cms/images/home1/folio7.jpg
Referer URL: http://localhost/cms/
Stack Trace:
#0 C:\xampp\htdocs\cms\webroot\index.php(37): Cake\Routing\Dispatcher->dispatch(Object(Cake\Network\Request), Object(Cake\Network\Response))
#1 {main}


2016-09-27 21:03:50 Error: [Cake\Routing\Exception\MissingControllerException] Controller class Images could not be found.
Exception Attributes: array (
  'class' => 'Images',
  'plugin' => NULL,
  'prefix' => NULL,
  '_ext' => NULL,
)
Request URL: /cms/images/home1/folio8.jpg
Referer URL: http://localhost/cms/
Stack Trace:
#0 C:\xampp\htdocs\cms\webroot\index.php(37): Cake\Routing\Dispatcher->dispatch(Object(Cake\Network\Request), Object(Cake\Network\Response))
#1 {main}


2016-09-27 21:03:50 Error: [Cake\Routing\Exception\MissingControllerException] Controller class Images could not be found.
Exception Attributes: array (
  'class' => 'Images',
  'plugin' => NULL,
  'prefix' => NULL,
  '_ext' => NULL,
)
Request URL: /cms/images/home1/folio9.jpg
Referer URL: http://localhost/cms/
Stack Trace:
#0 C:\xampp\htdocs\cms\webroot\index.php(37): Cake\Routing\Dispatcher->dispatch(Object(Cake\Network\Request), Object(Cake\Network\Response))
#1 {main}


2016-09-27 21:03:50 Error: [Cake\Routing\Exception\MissingControllerException] Controller class Images could not be found.
Exception Attributes: array (
  'class' => 'Images',
  'plugin' => NULL,
  'prefix' => NULL,
  '_ext' => NULL,
)
Request URL: /cms/images/home1/blog3.jpg
Referer URL: http://localhost/cms/
Stack Trace:
#0 C:\xampp\htdocs\cms\webroot\index.php(37): Cake\Routing\Dispatcher->dispatch(Object(Cake\Network\Request), Object(Cake\Network\Response))
#1 {main}


2016-09-27 21:03:50 Error: [Cake\Routing\Exception\MissingControllerException] Controller class Images could not be found.
Exception Attributes: array (
  'class' => 'Images',
  'plugin' => NULL,
  'prefix' => NULL,
  '_ext' => NULL,
)
Request URL: /cms/images/home1/blog2.jpg
Referer URL: http://localhost/cms/
Stack Trace:
#0 C:\xampp\htdocs\cms\webroot\index.php(37): Cake\Routing\Dispatcher->dispatch(Object(Cake\Network\Request), Object(Cake\Network\Response))
#1 {main}


2016-09-27 21:03:50 Error: [Cake\Routing\Exception\MissingControllerException] Controller class Images could not be found.
Exception Attributes: array (
  'class' => 'Images',
  'plugin' => NULL,
  'prefix' => NULL,
  '_ext' => NULL,
)
Request URL: /cms/images/home1/blog1.jpg
Referer URL: http://localhost/cms/
Stack Trace:
#0 C:\xampp\htdocs\cms\webroot\index.php(37): Cake\Routing\Dispatcher->dispatch(Object(Cake\Network\Request), Object(Cake\Network\Response))
#1 {main}


2016-09-27 21:07:57 Error: [Cake\Routing\Exception\MissingControllerException] Controller class Top_biz could not be found.
Exception Attributes: array (
  'class' => 'Top_biz',
  'plugin' => NULL,
  'prefix' => NULL,
  '_ext' => NULL,
)
Request URL: /cms/top_biz/fonts/fontawesome-webfont.woff2?v=4.3.0
Referer URL: http://localhost/cms/top_biz/css/font-awesome.min.css
Stack Trace:
#0 C:\xampp\htdocs\cms\webroot\index.php(37): Cake\Routing\Dispatcher->dispatch(Object(Cake\Network\Request), Object(Cake\Network\Response))
#1 {main}


2016-09-27 21:07:57 Error: [Cake\Routing\Exception\MissingControllerException] Controller class Images could not be found.
Exception Attributes: array (
  'class' => 'Images',
  'plugin' => NULL,
  'prefix' => NULL,
  '_ext' => NULL,
)
Request URL: /cms/images/home1/folio1.jpg
Referer URL: http://localhost/cms/
Stack Trace:
#0 C:\xampp\htdocs\cms\webroot\index.php(37): Cake\Routing\Dispatcher->dispatch(Object(Cake\Network\Request), Object(Cake\Network\Response))
#1 {main}


2016-09-27 21:07:58 Error: [Cake\Routing\Exception\MissingControllerException] Controller class Images could not be found.
Exception Attributes: array (
  'class' => 'Images',
  'plugin' => NULL,
  'prefix' => NULL,
  '_ext' => NULL,
)
Request URL: /cms/images/home1/folio2.jpg
Referer URL: http://localhost/cms/
Stack Trace:
#0 C:\xampp\htdocs\cms\webroot\index.php(37): Cake\Routing\Dispatcher->dispatch(Object(Cake\Network\Request), Object(Cake\Network\Response))
#1 {main}


2016-09-27 21:07:58 Error: [Cake\Routing\Exception\MissingControllerException] Controller class Images could not be found.
Exception Attributes: array (
  'class' => 'Images',
  'plugin' => NULL,
  'prefix' => NULL,
  '_ext' => NULL,
)
Request URL: /cms/images/home1/folio3.jpg
Referer URL: http://localhost/cms/
Stack Trace:
#0 C:\xampp\htdocs\cms\webroot\index.php(37): Cake\Routing\Dispatcher->dispatch(Object(Cake\Network\Request), Object(Cake\Network\Response))
#1 {main}


2016-09-27 21:07:58 Error: [Cake\Routing\Exception\MissingControllerException] Controller class Images could not be found.
Exception Attributes: array (
  'class' => 'Images',
  'plugin' => NULL,
  'prefix' => NULL,
  '_ext' => NULL,
)
Request URL: /cms/images/home1/folio4.jpg
Referer URL: http://localhost/cms/
Stack Trace:
#0 C:\xampp\htdocs\cms\webroot\index.php(37): Cake\Routing\Dispatcher->dispatch(Object(Cake\Network\Request), Object(Cake\Network\Response))
#1 {main}


2016-09-27 21:07:58 Error: [Cake\Routing\Exception\MissingControllerException] Controller class Images could not be found.
Exception Attributes: array (
  'class' => 'Images',
  'plugin' => NULL,
  'prefix' => NULL,
  '_ext' => NULL,
)
Request URL: /cms/images/home1/folio5.jpg
Referer URL: http://localhost/cms/
Stack Trace:
#0 C:\xampp\htdocs\cms\webroot\index.php(37): Cake\Routing\Dispatcher->dispatch(Object(Cake\Network\Request), Object(Cake\Network\Response))
#1 {main}


2016-09-27 21:07:58 Error: [Cake\Routing\Exception\MissingControllerException] Controller class Images could not be found.
Exception Attributes: array (
  'class' => 'Images',
  'plugin' => NULL,
  'prefix' => NULL,
  '_ext' => NULL,
)
Request URL: /cms/images/home1/folio6.jpg
Referer URL: http://localhost/cms/
Stack Trace:
#0 C:\xampp\htdocs\cms\webroot\index.php(37): Cake\Routing\Dispatcher->dispatch(Object(Cake\Network\Request), Object(Cake\Network\Response))
#1 {main}


2016-09-27 21:07:58 Error: [Cake\Routing\Exception\MissingControllerException] Controller class Images could not be found.
Exception Attributes: array (
  'class' => 'Images',
  'plugin' => NULL,
  'prefix' => NULL,
  '_ext' => NULL,
)
Request URL: /cms/images/home1/folio7.jpg
Referer URL: http://localhost/cms/
Stack Trace:
#0 C:\xampp\htdocs\cms\webroot\index.php(37): Cake\Routing\Dispatcher->dispatch(Object(Cake\Network\Request), Object(Cake\Network\Response))
#1 {main}


2016-09-27 21:07:58 Error: [Cake\Routing\Exception\MissingControllerException] Controller class Images could not be found.
Exception Attributes: array (
  'class' => 'Images',
  'plugin' => NULL,
  'prefix' => NULL,
  '_ext' => NULL,
)
Request URL: /cms/images/home1/folio8.jpg
Referer URL: http://localhost/cms/
Stack Trace:
#0 C:\xampp\htdocs\cms\webroot\index.php(37): Cake\Routing\Dispatcher->dispatch(Object(Cake\Network\Request), Object(Cake\Network\Response))
#1 {main}


2016-09-27 21:07:58 Error: [Cake\Routing\Exception\MissingControllerException] Controller class Images could not be found.
Exception Attributes: array (
  'class' => 'Images',
  'plugin' => NULL,
  'prefix' => NULL,
  '_ext' => NULL,
)
Request URL: /cms/images/home1/folio9.jpg
Referer URL: http://localhost/cms/
Stack Trace:
#0 C:\xampp\htdocs\cms\webroot\index.php(37): Cake\Routing\Dispatcher->dispatch(Object(Cake\Network\Request), Object(Cake\Network\Response))
#1 {main}


2016-09-27 21:07:58 Error: [Cake\Routing\Exception\MissingControllerException] Controller class Images could not be found.
Exception Attributes: array (
  'class' => 'Images',
  'plugin' => NULL,
  'prefix' => NULL,
  '_ext' => NULL,
)
Request URL: /cms/images/home1/blog1.jpg
Referer URL: http://localhost/cms/
Stack Trace:
#0 C:\xampp\htdocs\cms\webroot\index.php(37): Cake\Routing\Dispatcher->dispatch(Object(Cake\Network\Request), Object(Cake\Network\Response))
#1 {main}


2016-09-27 21:07:58 Error: [Cake\Routing\Exception\MissingControllerException] Controller class Images could not be found.
Exception Attributes: array (
  'class' => 'Images',
  'plugin' => NULL,
  'prefix' => NULL,
  '_ext' => NULL,
)
Request URL: /cms/images/home1/blog2.jpg
Referer URL: http://localhost/cms/
Stack Trace:
#0 C:\xampp\htdocs\cms\webroot\index.php(37): Cake\Routing\Dispatcher->dispatch(Object(Cake\Network\Request), Object(Cake\Network\Response))
#1 {main}


2016-09-27 21:07:58 Error: [Cake\Routing\Exception\MissingControllerException] Controller class Images could not be found.
Exception Attributes: array (
  'class' => 'Images',
  'plugin' => NULL,
  'prefix' => NULL,
  '_ext' => NULL,
)
Request URL: /cms/images/home1/blog3.jpg
Referer URL: http://localhost/cms/
Stack Trace:
#0 C:\xampp\htdocs\cms\webroot\index.php(37): Cake\Routing\Dispatcher->dispatch(Object(Cake\Network\Request), Object(Cake\Network\Response))
#1 {main}


2016-09-27 21:14:37 Error: [PDOException] SQLSTATE[42000]: Syntax error or access violation: 1064 You have an error in your SQL syntax; check the manual that corresponds to your MariaDB server version for the right syntax to use near 'key = 'menu_header' AND is_active = 'Y') LIMIT 1' at line 1
Request URL: /cms/
Stack Trace:
#0 C:\xampp\htdocs\cms\vendor\cakephp\cakephp\src\Database\Statement\MysqlStatement.php(36): PDOStatement->execute(NULL)
#1 C:\xampp\htdocs\cms\vendor\cakephp\cakephp\src\Database\Connection.php(270): Cake\Database\Statement\MysqlStatement->execute()
#2 C:\xampp\htdocs\cms\vendor\cakephp\cakephp\src\Database\Query.php(188): Cake\Database\Connection->run(Object(Cake\ORM\Query))
#3 C:\xampp\htdocs\cms\vendor\cakephp\cakephp\src\ORM\Query.php(921): Cake\Database\Query->execute()
#4 C:\xampp\htdocs\cms\vendor\cakephp\cakephp\src\Datasource\QueryTrait.php(272): Cake\ORM\Query->_execute()
#5 C:\xampp\htdocs\cms\vendor\cakephp\cakephp\src\ORM\Query.php(871): Cake\ORM\Query->_all()
#6 C:\xampp\htdocs\cms\vendor\cakephp\cakephp\src\Datasource\QueryTrait.php(395): Cake\ORM\Query->all()
#7 C:\xampp\htdocs\cms\src\Controller\PagesController.php(13): Cake\ORM\Query->first()
#8 [internal function]: App\Controller\PagesController->index()
#9 C:\xampp\htdocs\cms\vendor\cakephp\cakephp\src\Controller\Controller.php(429): call_user_func_array(Array, Array)
#10 C:\xampp\htdocs\cms\vendor\cakephp\cakephp\src\Routing\Dispatcher.php(114): Cake\Controller\Controller->invokeAction()
#11 C:\xampp\htdocs\cms\vendor\cakephp\cakephp\src\Routing\Dispatcher.php(87): Cake\Routing\Dispatcher->_invoke(Object(App\Controller\PagesController))
#12 C:\xampp\htdocs\cms\webroot\index.php(37): Cake\Routing\Dispatcher->dispatch(Object(Cake\Network\Request), Object(Cake\Network\Response))
#13 {main}


