2016-09-28 09:11:48 Warning: Warning (4096): Argument 2 passed to Cake\Utility\Hash::format() must be of the type array, string given, called in C:\xampp\htdocs\cms\src\Controller\PagesController.php on line 20 and defined in [C:\xampp\htdocs\cms\vendor\cakephp\cakephp\src\Utility\Hash.php, line 519]
Trace:
Cake\Error\BaseErrorHandler::handleError() - CORE\src\Error\BaseErrorHandler.php, line 147
Cake\Utility\Hash::format() - CORE\src\Utility\Hash.php, line 519
App\Controller\PagesController::index() - APP/Controller\PagesController.php, line 20
Cake\Controller\Controller::invokeAction() - CORE\src\Controller\Controller.php, line 429
Cake\Routing\Dispatcher::_invoke() - CORE\src\Routing\Dispatcher.php, line 114
Cake\Routing\Dispatcher::dispatch() - CORE\src\Routing\Dispatcher.php, line 87
[main] - ROOT\webroot\index.php, line 37



2016-09-28 09:11:48 Warning: Warning (2): Missing argument 3 for Cake\Utility\Hash::format(), called in C:\xampp\htdocs\cms\src\Controller\PagesController.php on line 20 and defined in [C:\xampp\htdocs\cms\vendor\cakephp\cakephp\src\Utility\Hash.php, line 519]
Trace:
Cake\Error\BaseErrorHandler::handleError() - CORE\src\Error\BaseErrorHandler.php, line 147
Cake\Utility\Hash::format() - CORE\src\Utility\Hash.php, line 519
App\Controller\PagesController::index() - APP/Controller\PagesController.php, line 20
Cake\Controller\Controller::invokeAction() - CORE\src\Controller\Controller.php, line 429
Cake\Routing\Dispatcher::_invoke() - CORE\src\Routing\Dispatcher.php, line 114
Cake\Routing\Dispatcher::dispatch() - CORE\src\Routing\Dispatcher.php, line 87
[main] - ROOT\webroot\index.php, line 37



2016-09-28 09:11:56 Warning: Warning (4096): Argument 2 passed to Cake\Utility\Hash::format() must be of the type array, string given, called in C:\xampp\htdocs\cms\src\Controller\PagesController.php on line 19 and defined in [C:\xampp\htdocs\cms\vendor\cakephp\cakephp\src\Utility\Hash.php, line 519]
Trace:
Cake\Error\BaseErrorHandler::handleError() - CORE\src\Error\BaseErrorHandler.php, line 147
Cake\Utility\Hash::format() - CORE\src\Utility\Hash.php, line 519
App\Controller\PagesController::index() - APP/Controller\PagesController.php, line 19
Cake\Controller\Controller::invokeAction() - CORE\src\Controller\Controller.php, line 429
Cake\Routing\Dispatcher::_invoke() - CORE\src\Routing\Dispatcher.php, line 114
Cake\Routing\Dispatcher::dispatch() - CORE\src\Routing\Dispatcher.php, line 87
[main] - ROOT\webroot\index.php, line 37



2016-09-28 09:11:56 Warning: Warning (2): Missing argument 3 for Cake\Utility\Hash::format(), called in C:\xampp\htdocs\cms\src\Controller\PagesController.php on line 19 and defined in [C:\xampp\htdocs\cms\vendor\cakephp\cakephp\src\Utility\Hash.php, line 519]
Trace:
Cake\Error\BaseErrorHandler::handleError() - CORE\src\Error\BaseErrorHandler.php, line 147
Cake\Utility\Hash::format() - CORE\src\Utility\Hash.php, line 519
App\Controller\PagesController::index() - APP/Controller\PagesController.php, line 19
Cake\Controller\Controller::invokeAction() - CORE\src\Controller\Controller.php, line 429
Cake\Routing\Dispatcher::_invoke() - CORE\src\Routing\Dispatcher.php, line 114
Cake\Routing\Dispatcher::dispatch() - CORE\src\Routing\Dispatcher.php, line 87
[main] - ROOT\webroot\index.php, line 37



2016-09-28 17:39:09 Error: [Cake\Routing\Exception\MissingControllerException] Controller class Top_biz could not be found.
Exception Attributes: array (
  'class' => 'Top_biz',
  'plugin' => NULL,
  'prefix' => NULL,
  '_ext' => NULL,
)
Request URL: /cms/top_biz/fonts/fontawesome-webfont.woff2?v=4.3.0
Referer URL: http://localhost/cms/top_biz/css/font-awesome.min.css
Stack Trace:
#0 C:\xampp\htdocs\cms\webroot\index.php(37): Cake\Routing\Dispatcher->dispatch(Object(Cake\Network\Request), Object(Cake\Network\Response))
#1 {main}


2016-09-28 17:39:10 Error: [Cake\Routing\Exception\MissingControllerException] Controller class Images could not be found.
Exception Attributes: array (
  'class' => 'Images',
  'plugin' => NULL,
  'prefix' => NULL,
  '_ext' => NULL,
)
Request URL: /cms/images/home1/folio1.jpg
Referer URL: http://localhost/cms/
Stack Trace:
#0 C:\xampp\htdocs\cms\webroot\index.php(37): Cake\Routing\Dispatcher->dispatch(Object(Cake\Network\Request), Object(Cake\Network\Response))
#1 {main}


2016-09-28 17:39:10 Error: [Cake\Routing\Exception\MissingControllerException] Controller class Images could not be found.
Exception Attributes: array (
  'class' => 'Images',
  'plugin' => NULL,
  'prefix' => NULL,
  '_ext' => NULL,
)
Request URL: /cms/images/home1/folio2.jpg
Referer URL: http://localhost/cms/
Stack Trace:
#0 C:\xampp\htdocs\cms\webroot\index.php(37): Cake\Routing\Dispatcher->dispatch(Object(Cake\Network\Request), Object(Cake\Network\Response))
#1 {main}


2016-09-28 17:39:10 Error: [Cake\Routing\Exception\MissingControllerException] Controller class Images could not be found.
Exception Attributes: array (
  'class' => 'Images',
  'plugin' => NULL,
  'prefix' => NULL,
  '_ext' => NULL,
)
Request URL: /cms/images/home1/folio3.jpg
Referer URL: http://localhost/cms/
Stack Trace:
#0 C:\xampp\htdocs\cms\webroot\index.php(37): Cake\Routing\Dispatcher->dispatch(Object(Cake\Network\Request), Object(Cake\Network\Response))
#1 {main}


2016-09-28 17:39:11 Error: [Cake\Routing\Exception\MissingControllerException] Controller class Images could not be found.
Exception Attributes: array (
  'class' => 'Images',
  'plugin' => NULL,
  'prefix' => NULL,
  '_ext' => NULL,
)
Request URL: /cms/images/home1/folio5.jpg
Referer URL: http://localhost/cms/
Stack Trace:
#0 C:\xampp\htdocs\cms\webroot\index.php(37): Cake\Routing\Dispatcher->dispatch(Object(Cake\Network\Request), Object(Cake\Network\Response))
#1 {main}


2016-09-28 17:39:11 Error: [Cake\Routing\Exception\MissingControllerException] Controller class Images could not be found.
Exception Attributes: array (
  'class' => 'Images',
  'plugin' => NULL,
  'prefix' => NULL,
  '_ext' => NULL,
)
Request URL: /cms/images/home1/folio4.jpg
Referer URL: http://localhost/cms/
Stack Trace:
#0 C:\xampp\htdocs\cms\webroot\index.php(37): Cake\Routing\Dispatcher->dispatch(Object(Cake\Network\Request), Object(Cake\Network\Response))
#1 {main}


2016-09-28 17:39:11 Error: [Cake\Routing\Exception\MissingControllerException] Controller class Images could not be found.
Exception Attributes: array (
  'class' => 'Images',
  'plugin' => NULL,
  'prefix' => NULL,
  '_ext' => NULL,
)
Request URL: /cms/images/home1/folio7.jpg
Referer URL: http://localhost/cms/
Stack Trace:
#0 C:\xampp\htdocs\cms\webroot\index.php(37): Cake\Routing\Dispatcher->dispatch(Object(Cake\Network\Request), Object(Cake\Network\Response))
#1 {main}


2016-09-28 17:39:11 Error: [Cake\Routing\Exception\MissingControllerException] Controller class Images could not be found.
Exception Attributes: array (
  'class' => 'Images',
  'plugin' => NULL,
  'prefix' => NULL,
  '_ext' => NULL,
)
Request URL: /cms/images/home1/folio6.jpg
Referer URL: http://localhost/cms/
Stack Trace:
#0 C:\xampp\htdocs\cms\webroot\index.php(37): Cake\Routing\Dispatcher->dispatch(Object(Cake\Network\Request), Object(Cake\Network\Response))
#1 {main}


2016-09-28 17:39:11 Error: [Cake\Routing\Exception\MissingControllerException] Controller class Images could not be found.
Exception Attributes: array (
  'class' => 'Images',
  'plugin' => NULL,
  'prefix' => NULL,
  '_ext' => NULL,
)
Request URL: /cms/images/home1/folio8.jpg
Referer URL: http://localhost/cms/
Stack Trace:
#0 C:\xampp\htdocs\cms\webroot\index.php(37): Cake\Routing\Dispatcher->dispatch(Object(Cake\Network\Request), Object(Cake\Network\Response))
#1 {main}


2016-09-28 17:39:11 Error: [Cake\Routing\Exception\MissingControllerException] Controller class Images could not be found.
Exception Attributes: array (
  'class' => 'Images',
  'plugin' => NULL,
  'prefix' => NULL,
  '_ext' => NULL,
)
Request URL: /cms/images/home1/blog1.jpg
Referer URL: http://localhost/cms/
Stack Trace:
#0 C:\xampp\htdocs\cms\webroot\index.php(37): Cake\Routing\Dispatcher->dispatch(Object(Cake\Network\Request), Object(Cake\Network\Response))
#1 {main}


2016-09-28 17:39:11 Error: [Cake\Routing\Exception\MissingControllerException] Controller class Images could not be found.
Exception Attributes: array (
  'class' => 'Images',
  'plugin' => NULL,
  'prefix' => NULL,
  '_ext' => NULL,
)
Request URL: /cms/images/home1/folio9.jpg
Referer URL: http://localhost/cms/
Stack Trace:
#0 C:\xampp\htdocs\cms\webroot\index.php(37): Cake\Routing\Dispatcher->dispatch(Object(Cake\Network\Request), Object(Cake\Network\Response))
#1 {main}


2016-09-28 17:39:11 Error: [Cake\Routing\Exception\MissingControllerException] Controller class Images could not be found.
Exception Attributes: array (
  'class' => 'Images',
  'plugin' => NULL,
  'prefix' => NULL,
  '_ext' => NULL,
)
Request URL: /cms/images/home1/blog2.jpg
Referer URL: http://localhost/cms/
Stack Trace:
#0 C:\xampp\htdocs\cms\webroot\index.php(37): Cake\Routing\Dispatcher->dispatch(Object(Cake\Network\Request), Object(Cake\Network\Response))
#1 {main}


2016-09-28 17:39:11 Error: [Cake\Routing\Exception\MissingControllerException] Controller class Images could not be found.
Exception Attributes: array (
  'class' => 'Images',
  'plugin' => NULL,
  'prefix' => NULL,
  '_ext' => NULL,
)
Request URL: /cms/images/home1/blog3.jpg
Referer URL: http://localhost/cms/
Stack Trace:
#0 C:\xampp\htdocs\cms\webroot\index.php(37): Cake\Routing\Dispatcher->dispatch(Object(Cake\Network\Request), Object(Cake\Network\Response))
#1 {main}


2016-09-28 17:39:11 Error: [Cake\Routing\Exception\MissingControllerException] Controller class Images could not be found.
Exception Attributes: array (
  'class' => 'Images',
  'plugin' => NULL,
  'prefix' => NULL,
  '_ext' => NULL,
)
Request URL: /cms/images/favicon.png
Stack Trace:
#0 C:\xampp\htdocs\cms\webroot\index.php(37): Cake\Routing\Dispatcher->dispatch(Object(Cake\Network\Request), Object(Cake\Network\Response))
#1 {main}


2016-09-28 17:40:59 Error: [Cake\View\Exception\MissingLayoutException] Layout file "Layout\/Cms/layout.ctp" is missing.
Exception Attributes: array (
  'file' => 'Layout\\/Cms/layout.ctp',
)
Request URL: /cms/
Stack Trace:
#0 C:\xampp\htdocs\cms\vendor\cakephp\cakephp\src\View\View.php(615): Cake\View\View->_getLayoutFileName('/Cms/layout')
#1 C:\xampp\htdocs\cms\vendor\cakephp\cakephp\src\View\View.php(592): Cake\View\View->renderLayout('', '/Cms/layout')
#2 C:\xampp\htdocs\cms\vendor\cakephp\cakephp\src\Controller\Controller.php(611): Cake\View\View->render(NULL, NULL)
#3 C:\xampp\htdocs\cms\vendor\cakephp\cakephp\src\Routing\Dispatcher.php(120): Cake\Controller\Controller->render()
#4 C:\xampp\htdocs\cms\vendor\cakephp\cakephp\src\Routing\Dispatcher.php(87): Cake\Routing\Dispatcher->_invoke(Object(App\Controller\PagesController))
#5 C:\xampp\htdocs\cms\webroot\index.php(37): Cake\Routing\Dispatcher->dispatch(Object(Cake\Network\Request), Object(Cake\Network\Response))
#6 {main}


2016-09-28 17:41:10 Error: [Cake\View\Exception\MissingLayoutException] Layout file "Layout\Cms.layout.ctp" is missing.
Exception Attributes: array (
  'file' => 'Layout\\Cms.layout.ctp',
)
Request URL: /cms/
Stack Trace:
#0 C:\xampp\htdocs\cms\vendor\cakephp\cakephp\src\View\View.php(615): Cake\View\View->_getLayoutFileName('Cms.layout')
#1 C:\xampp\htdocs\cms\vendor\cakephp\cakephp\src\View\View.php(592): Cake\View\View->renderLayout('', 'Cms.layout')
#2 C:\xampp\htdocs\cms\vendor\cakephp\cakephp\src\Controller\Controller.php(611): Cake\View\View->render(NULL, NULL)
#3 C:\xampp\htdocs\cms\vendor\cakephp\cakephp\src\Routing\Dispatcher.php(120): Cake\Controller\Controller->render()
#4 C:\xampp\htdocs\cms\vendor\cakephp\cakephp\src\Routing\Dispatcher.php(87): Cake\Routing\Dispatcher->_invoke(Object(App\Controller\PagesController))
#5 C:\xampp\htdocs\cms\webroot\index.php(37): Cake\Routing\Dispatcher->dispatch(Object(Cake\Network\Request), Object(Cake\Network\Response))
#6 {main}


2016-09-28 17:41:17 Error: [Cake\View\Exception\MissingLayoutException] Layout file "Layout\Cms/layout.ctp" is missing.
Exception Attributes: array (
  'file' => 'Layout\\Cms/layout.ctp',
)
Request URL: /cms/
Stack Trace:
#0 C:\xampp\htdocs\cms\vendor\cakephp\cakephp\src\View\View.php(615): Cake\View\View->_getLayoutFileName('Cms/layout')
#1 C:\xampp\htdocs\cms\vendor\cakephp\cakephp\src\View\View.php(592): Cake\View\View->renderLayout('', 'Cms/layout')
#2 C:\xampp\htdocs\cms\vendor\cakephp\cakephp\src\Controller\Controller.php(611): Cake\View\View->render(NULL, NULL)
#3 C:\xampp\htdocs\cms\vendor\cakephp\cakephp\src\Routing\Dispatcher.php(120): Cake\Controller\Controller->render()
#4 C:\xampp\htdocs\cms\vendor\cakephp\cakephp\src\Routing\Dispatcher.php(87): Cake\Routing\Dispatcher->_invoke(Object(App\Controller\PagesController))
#5 C:\xampp\htdocs\cms\webroot\index.php(37): Cake\Routing\Dispatcher->dispatch(Object(Cake\Network\Request), Object(Cake\Network\Response))
#6 {main}


2016-09-28 17:42:55 Error: [Cake\View\Exception\MissingLayoutException] Layout file "Layout\/Cms.layout.ctp" is missing.
Exception Attributes: array (
  'file' => 'Layout\\/Cms.layout.ctp',
)
Request URL: /cms/
Stack Trace:
#0 C:\xampp\htdocs\cms\vendor\cakephp\cakephp\src\View\View.php(615): Cake\View\View->_getLayoutFileName('/Cms.layout')
#1 C:\xampp\htdocs\cms\vendor\cakephp\cakephp\src\View\View.php(592): Cake\View\View->renderLayout('', '/Cms.layout')
#2 C:\xampp\htdocs\cms\vendor\cakephp\cakephp\src\Controller\Controller.php(611): Cake\View\View->render(NULL, NULL)
#3 C:\xampp\htdocs\cms\vendor\cakephp\cakephp\src\Routing\Dispatcher.php(120): Cake\Controller\Controller->render()
#4 C:\xampp\htdocs\cms\vendor\cakephp\cakephp\src\Routing\Dispatcher.php(87): Cake\Routing\Dispatcher->_invoke(Object(App\Controller\PagesController))
#5 C:\xampp\htdocs\cms\webroot\index.php(37): Cake\Routing\Dispatcher->dispatch(Object(Cake\Network\Request), Object(Cake\Network\Response))
#6 {main}


2016-09-28 17:43:06 Error: [Cake\View\Exception\MissingLayoutException] Layout file "Layout\../Cms.layout.ctp" is missing.
Exception Attributes: array (
  'file' => 'Layout\\../Cms.layout.ctp',
)
Request URL: /cms/
Stack Trace:
#0 C:\xampp\htdocs\cms\vendor\cakephp\cakephp\src\View\View.php(615): Cake\View\View->_getLayoutFileName('../Cms.layout')
#1 C:\xampp\htdocs\cms\vendor\cakephp\cakephp\src\View\View.php(592): Cake\View\View->renderLayout('', '../Cms.layout')
#2 C:\xampp\htdocs\cms\vendor\cakephp\cakephp\src\Controller\Controller.php(611): Cake\View\View->render(NULL, NULL)
#3 C:\xampp\htdocs\cms\vendor\cakephp\cakephp\src\Routing\Dispatcher.php(120): Cake\Controller\Controller->render()
#4 C:\xampp\htdocs\cms\vendor\cakephp\cakephp\src\Routing\Dispatcher.php(87): Cake\Routing\Dispatcher->_invoke(Object(App\Controller\PagesController))
#5 C:\xampp\htdocs\cms\webroot\index.php(37): Cake\Routing\Dispatcher->dispatch(Object(Cake\Network\Request), Object(Cake\Network\Response))
#6 {main}


2016-09-28 17:43:47 Error: [Cake\Routing\Exception\MissingControllerException] Controller class Top_biz could not be found.
Exception Attributes: array (
  'class' => 'Top_biz',
  'plugin' => NULL,
  'prefix' => NULL,
  '_ext' => NULL,
)
Request URL: /cms/top_biz/fonts/fontawesome-webfont.woff2?v=4.3.0
Referer URL: http://localhost/cms/top_biz/css/font-awesome.min.css
Stack Trace:
#0 C:\xampp\htdocs\cms\webroot\index.php(37): Cake\Routing\Dispatcher->dispatch(Object(Cake\Network\Request), Object(Cake\Network\Response))
#1 {main}


2016-09-28 17:43:49 Error: [Cake\Routing\Exception\MissingControllerException] Controller class Images could not be found.
Exception Attributes: array (
  'class' => 'Images',
  'plugin' => NULL,
  'prefix' => NULL,
  '_ext' => NULL,
)
Request URL: /cms/images/home1/folio1.jpg
Referer URL: http://localhost/cms/
Stack Trace:
#0 C:\xampp\htdocs\cms\webroot\index.php(37): Cake\Routing\Dispatcher->dispatch(Object(Cake\Network\Request), Object(Cake\Network\Response))
#1 {main}


2016-09-28 17:43:49 Error: [Cake\Routing\Exception\MissingControllerException] Controller class Images could not be found.
Exception Attributes: array (
  'class' => 'Images',
  'plugin' => NULL,
  'prefix' => NULL,
  '_ext' => NULL,
)
Request URL: /cms/images/home1/folio2.jpg
Referer URL: http://localhost/cms/
Stack Trace:
#0 C:\xampp\htdocs\cms\webroot\index.php(37): Cake\Routing\Dispatcher->dispatch(Object(Cake\Network\Request), Object(Cake\Network\Response))
#1 {main}


2016-09-28 17:43:49 Error: [Cake\Routing\Exception\MissingControllerException] Controller class Images could not be found.
Exception Attributes: array (
  'class' => 'Images',
  'plugin' => NULL,
  'prefix' => NULL,
  '_ext' => NULL,
)
Request URL: /cms/images/home1/folio4.jpg
Referer URL: http://localhost/cms/
Stack Trace:
#0 C:\xampp\htdocs\cms\webroot\index.php(37): Cake\Routing\Dispatcher->dispatch(Object(Cake\Network\Request), Object(Cake\Network\Response))
#1 {main}


2016-09-28 17:43:49 Error: [Cake\Routing\Exception\MissingControllerException] Controller class Images could not be found.
Exception Attributes: array (
  'class' => 'Images',
  'plugin' => NULL,
  'prefix' => NULL,
  '_ext' => NULL,
)
Request URL: /cms/images/home1/folio3.jpg
Referer URL: http://localhost/cms/
Stack Trace:
#0 C:\xampp\htdocs\cms\webroot\index.php(37): Cake\Routing\Dispatcher->dispatch(Object(Cake\Network\Request), Object(Cake\Network\Response))
#1 {main}


2016-09-28 17:43:49 Error: [Cake\Routing\Exception\MissingControllerException] Controller class Images could not be found.
Exception Attributes: array (
  'class' => 'Images',
  'plugin' => NULL,
  'prefix' => NULL,
  '_ext' => NULL,
)
Request URL: /cms/images/home1/folio5.jpg
Referer URL: http://localhost/cms/
Stack Trace:
#0 C:\xampp\htdocs\cms\webroot\index.php(37): Cake\Routing\Dispatcher->dispatch(Object(Cake\Network\Request), Object(Cake\Network\Response))
#1 {main}


2016-09-28 17:43:49 Error: [Cake\Routing\Exception\MissingControllerException] Controller class Images could not be found.
Exception Attributes: array (
  'class' => 'Images',
  'plugin' => NULL,
  'prefix' => NULL,
  '_ext' => NULL,
)
Request URL: /cms/images/home1/folio6.jpg
Referer URL: http://localhost/cms/
Stack Trace:
#0 C:\xampp\htdocs\cms\webroot\index.php(37): Cake\Routing\Dispatcher->dispatch(Object(Cake\Network\Request), Object(Cake\Network\Response))
#1 {main}


2016-09-28 17:43:50 Error: [Cake\Routing\Exception\MissingControllerException] Controller class Images could not be found.
Exception Attributes: array (
  'class' => 'Images',
  'plugin' => NULL,
  'prefix' => NULL,
  '_ext' => NULL,
)
Request URL: /cms/images/home1/folio8.jpg
Referer URL: http://localhost/cms/
Stack Trace:
#0 C:\xampp\htdocs\cms\webroot\index.php(37): Cake\Routing\Dispatcher->dispatch(Object(Cake\Network\Request), Object(Cake\Network\Response))
#1 {main}


2016-09-28 17:43:50 Error: [Cake\Routing\Exception\MissingControllerException] Controller class Images could not be found.
Exception Attributes: array (
  'class' => 'Images',
  'plugin' => NULL,
  'prefix' => NULL,
  '_ext' => NULL,
)
Request URL: /cms/images/home1/folio7.jpg
Referer URL: http://localhost/cms/
Stack Trace:
#0 C:\xampp\htdocs\cms\webroot\index.php(37): Cake\Routing\Dispatcher->dispatch(Object(Cake\Network\Request), Object(Cake\Network\Response))
#1 {main}


2016-09-28 17:43:50 Error: [Cake\Routing\Exception\MissingControllerException] Controller class Images could not be found.
Exception Attributes: array (
  'class' => 'Images',
  'plugin' => NULL,
  'prefix' => NULL,
  '_ext' => NULL,
)
Request URL: /cms/images/home1/folio9.jpg
Referer URL: http://localhost/cms/
Stack Trace:
#0 C:\xampp\htdocs\cms\webroot\index.php(37): Cake\Routing\Dispatcher->dispatch(Object(Cake\Network\Request), Object(Cake\Network\Response))
#1 {main}


2016-09-28 17:43:50 Error: [Cake\Routing\Exception\MissingControllerException] Controller class Images could not be found.
Exception Attributes: array (
  'class' => 'Images',
  'plugin' => NULL,
  'prefix' => NULL,
  '_ext' => NULL,
)
Request URL: /cms/images/home1/blog1.jpg
Referer URL: http://localhost/cms/
Stack Trace:
#0 C:\xampp\htdocs\cms\webroot\index.php(37): Cake\Routing\Dispatcher->dispatch(Object(Cake\Network\Request), Object(Cake\Network\Response))
#1 {main}


2016-09-28 17:43:50 Error: [Cake\Routing\Exception\MissingControllerException] Controller class Images could not be found.
Exception Attributes: array (
  'class' => 'Images',
  'plugin' => NULL,
  'prefix' => NULL,
  '_ext' => NULL,
)
Request URL: /cms/images/home1/blog2.jpg
Referer URL: http://localhost/cms/
Stack Trace:
#0 C:\xampp\htdocs\cms\webroot\index.php(37): Cake\Routing\Dispatcher->dispatch(Object(Cake\Network\Request), Object(Cake\Network\Response))
#1 {main}


2016-09-28 17:43:50 Error: [Cake\Routing\Exception\MissingControllerException] Controller class Images could not be found.
Exception Attributes: array (
  'class' => 'Images',
  'plugin' => NULL,
  'prefix' => NULL,
  '_ext' => NULL,
)
Request URL: /cms/images/home1/blog3.jpg
Referer URL: http://localhost/cms/
Stack Trace:
#0 C:\xampp\htdocs\cms\webroot\index.php(37): Cake\Routing\Dispatcher->dispatch(Object(Cake\Network\Request), Object(Cake\Network\Response))
#1 {main}


2016-09-28 17:47:24 Error: [Cake\Routing\Exception\MissingControllerException] Controller class Images could not be found.
Exception Attributes: array (
  'class' => 'Images',
  'plugin' => NULL,
  'prefix' => NULL,
  '_ext' => NULL,
)
Request URL: /cms/images/home1/folio1.jpg
Referer URL: http://localhost/cms/
Stack Trace:
#0 C:\xampp\htdocs\cms\webroot\index.php(37): Cake\Routing\Dispatcher->dispatch(Object(Cake\Network\Request), Object(Cake\Network\Response))
#1 {main}


2016-09-28 17:47:25 Error: [Cake\Routing\Exception\MissingControllerException] Controller class Images could not be found.
Exception Attributes: array (
  'class' => 'Images',
  'plugin' => NULL,
  'prefix' => NULL,
  '_ext' => NULL,
)
Request URL: /cms/images/home1/folio4.jpg
Referer URL: http://localhost/cms/
Stack Trace:
#0 C:\xampp\htdocs\cms\webroot\index.php(37): Cake\Routing\Dispatcher->dispatch(Object(Cake\Network\Request), Object(Cake\Network\Response))
#1 {main}


2016-09-28 17:47:25 Error: [Cake\Routing\Exception\MissingControllerException] Controller class Images could not be found.
Exception Attributes: array (
  'class' => 'Images',
  'plugin' => NULL,
  'prefix' => NULL,
  '_ext' => NULL,
)
Request URL: /cms/images/home1/folio3.jpg
Referer URL: http://localhost/cms/
Stack Trace:
#0 C:\xampp\htdocs\cms\webroot\index.php(37): Cake\Routing\Dispatcher->dispatch(Object(Cake\Network\Request), Object(Cake\Network\Response))
#1 {main}


2016-09-28 17:47:24 Error: [Cake\Routing\Exception\MissingControllerException] Controller class Images could not be found.
Exception Attributes: array (
  'class' => 'Images',
  'plugin' => NULL,
  'prefix' => NULL,
  '_ext' => NULL,
)
Request URL: /cms/images/home1/folio2.jpg
Referer URL: http://localhost/cms/
Stack Trace:
#0 C:\xampp\htdocs\cms\webroot\index.php(37): Cake\Routing\Dispatcher->dispatch(Object(Cake\Network\Request), Object(Cake\Network\Response))
#1 {main}


2016-09-28 17:47:25 Error: [Cake\Routing\Exception\MissingControllerException] Controller class Images could not be found.
Exception Attributes: array (
  'class' => 'Images',
  'plugin' => NULL,
  'prefix' => NULL,
  '_ext' => NULL,
)
Request URL: /cms/images/home1/folio5.jpg
Referer URL: http://localhost/cms/
Stack Trace:
#0 C:\xampp\htdocs\cms\webroot\index.php(37): Cake\Routing\Dispatcher->dispatch(Object(Cake\Network\Request), Object(Cake\Network\Response))
#1 {main}


2016-09-28 17:47:25 Error: [Cake\Routing\Exception\MissingControllerException] Controller class Top_biz could not be found.
Exception Attributes: array (
  'class' => 'Top_biz',
  'plugin' => NULL,
  'prefix' => NULL,
  '_ext' => NULL,
)
Request URL: /cms/top_biz/fonts/fontawesome-webfont.woff2?v=4.3.0
Referer URL: http://localhost/cms/top_biz/css/font-awesome.min.css
Stack Trace:
#0 C:\xampp\htdocs\cms\webroot\index.php(37): Cake\Routing\Dispatcher->dispatch(Object(Cake\Network\Request), Object(Cake\Network\Response))
#1 {main}


2016-09-28 17:47:25 Error: [Cake\Routing\Exception\MissingControllerException] Controller class Images could not be found.
Exception Attributes: array (
  'class' => 'Images',
  'plugin' => NULL,
  'prefix' => NULL,
  '_ext' => NULL,
)
Request URL: /cms/images/home1/folio7.jpg
Referer URL: http://localhost/cms/
Stack Trace:
#0 C:\xampp\htdocs\cms\webroot\index.php(37): Cake\Routing\Dispatcher->dispatch(Object(Cake\Network\Request), Object(Cake\Network\Response))
#1 {main}


2016-09-28 17:47:25 Error: [Cake\Routing\Exception\MissingControllerException] Controller class Images could not be found.
Exception Attributes: array (
  'class' => 'Images',
  'plugin' => NULL,
  'prefix' => NULL,
  '_ext' => NULL,
)
Request URL: /cms/images/home1/folio6.jpg
Referer URL: http://localhost/cms/
Stack Trace:
#0 C:\xampp\htdocs\cms\webroot\index.php(37): Cake\Routing\Dispatcher->dispatch(Object(Cake\Network\Request), Object(Cake\Network\Response))
#1 {main}


2016-09-28 17:47:26 Error: [Cake\Routing\Exception\MissingControllerException] Controller class Images could not be found.
Exception Attributes: array (
  'class' => 'Images',
  'plugin' => NULL,
  'prefix' => NULL,
  '_ext' => NULL,
)
Request URL: /cms/images/home1/folio9.jpg
Referer URL: http://localhost/cms/
Stack Trace:
#0 C:\xampp\htdocs\cms\webroot\index.php(37): Cake\Routing\Dispatcher->dispatch(Object(Cake\Network\Request), Object(Cake\Network\Response))
#1 {main}


2016-09-28 17:47:26 Error: [Cake\Routing\Exception\MissingControllerException] Controller class Images could not be found.
Exception Attributes: array (
  'class' => 'Images',
  'plugin' => NULL,
  'prefix' => NULL,
  '_ext' => NULL,
)
Request URL: /cms/images/home1/folio8.jpg
Referer URL: http://localhost/cms/
Stack Trace:
#0 C:\xampp\htdocs\cms\webroot\index.php(37): Cake\Routing\Dispatcher->dispatch(Object(Cake\Network\Request), Object(Cake\Network\Response))
#1 {main}


2016-09-28 17:47:26 Error: [Cake\Routing\Exception\MissingControllerException] Controller class Images could not be found.
Exception Attributes: array (
  'class' => 'Images',
  'plugin' => NULL,
  'prefix' => NULL,
  '_ext' => NULL,
)
Request URL: /cms/images/home1/blog1.jpg
Referer URL: http://localhost/cms/
Stack Trace:
#0 C:\xampp\htdocs\cms\webroot\index.php(37): Cake\Routing\Dispatcher->dispatch(Object(Cake\Network\Request), Object(Cake\Network\Response))
#1 {main}


2016-09-28 17:47:26 Error: [Cake\Routing\Exception\MissingControllerException] Controller class Images could not be found.
Exception Attributes: array (
  'class' => 'Images',
  'plugin' => NULL,
  'prefix' => NULL,
  '_ext' => NULL,
)
Request URL: /cms/images/home1/blog2.jpg
Referer URL: http://localhost/cms/
Stack Trace:
#0 C:\xampp\htdocs\cms\webroot\index.php(37): Cake\Routing\Dispatcher->dispatch(Object(Cake\Network\Request), Object(Cake\Network\Response))
#1 {main}


2016-09-28 17:47:26 Error: [Cake\Routing\Exception\MissingControllerException] Controller class Images could not be found.
Exception Attributes: array (
  'class' => 'Images',
  'plugin' => NULL,
  'prefix' => NULL,
  '_ext' => NULL,
)
Request URL: /cms/images/home1/blog3.jpg
Referer URL: http://localhost/cms/
Stack Trace:
#0 C:\xampp\htdocs\cms\webroot\index.php(37): Cake\Routing\Dispatcher->dispatch(Object(Cake\Network\Request), Object(Cake\Network\Response))
#1 {main}


2016-09-28 21:21:28 Error: [Cake\Routing\Exception\MissingControllerException] Controller class Images could not be found.
Exception Attributes: array (
  'class' => 'Images',
  'plugin' => NULL,
  'prefix' => NULL,
  '_ext' => NULL,
)
Request URL: /cms/images/home1/folio4.jpg
Referer URL: http://localhost/cms/
Stack Trace:
#0 C:\xampp\htdocs\cms\webroot\index.php(37): Cake\Routing\Dispatcher->dispatch(Object(Cake\Network\Request), Object(Cake\Network\Response))
#1 {main}


2016-09-28 21:21:28 Error: [Cake\Routing\Exception\MissingControllerException] Controller class Images could not be found.
Exception Attributes: array (
  'class' => 'Images',
  'plugin' => NULL,
  'prefix' => NULL,
  '_ext' => NULL,
)
Request URL: /cms/images/home1/folio2.jpg
Referer URL: http://localhost/cms/
Stack Trace:
#0 C:\xampp\htdocs\cms\webroot\index.php(37): Cake\Routing\Dispatcher->dispatch(Object(Cake\Network\Request), Object(Cake\Network\Response))
#1 {main}


2016-09-28 21:21:29 Error: [Cake\Routing\Exception\MissingControllerException] Controller class Images could not be found.
Exception Attributes: array (
  'class' => 'Images',
  'plugin' => NULL,
  'prefix' => NULL,
  '_ext' => NULL,
)
Request URL: /cms/images/favicon.png
Stack Trace:
#0 C:\xampp\htdocs\cms\webroot\index.php(37): Cake\Routing\Dispatcher->dispatch(Object(Cake\Network\Request), Object(Cake\Network\Response))
#1 {main}


2016-09-28 21:21:30 Error: [Cake\Routing\Exception\MissingControllerException] Controller class Images could not be found.
Exception Attributes: array (
  'class' => 'Images',
  'plugin' => NULL,
  'prefix' => NULL,
  '_ext' => NULL,
)
Request URL: /cms/images/home1/folio6.jpg
Referer URL: http://localhost/cms/
Stack Trace:
#0 C:\xampp\htdocs\cms\webroot\index.php(37): Cake\Routing\Dispatcher->dispatch(Object(Cake\Network\Request), Object(Cake\Network\Response))
#1 {main}


2016-09-28 21:21:30 Error: [Cake\Routing\Exception\MissingControllerException] Controller class Images could not be found.
Exception Attributes: array (
  'class' => 'Images',
  'plugin' => NULL,
  'prefix' => NULL,
  '_ext' => NULL,
)
Request URL: /cms/images/home1/folio8.jpg
Referer URL: http://localhost/cms/
Stack Trace:
#0 C:\xampp\htdocs\cms\webroot\index.php(37): Cake\Routing\Dispatcher->dispatch(Object(Cake\Network\Request), Object(Cake\Network\Response))
#1 {main}


2016-09-28 21:21:30 Error: [Cake\Routing\Exception\MissingControllerException] Controller class Images could not be found.
Exception Attributes: array (
  'class' => 'Images',
  'plugin' => NULL,
  'prefix' => NULL,
  '_ext' => NULL,
)
Request URL: /cms/images/home1/folio5.jpg
Referer URL: http://localhost/cms/
Stack Trace:
#0 C:\xampp\htdocs\cms\webroot\index.php(37): Cake\Routing\Dispatcher->dispatch(Object(Cake\Network\Request), Object(Cake\Network\Response))
#1 {main}


2016-09-28 21:21:30 Error: [Cake\Routing\Exception\MissingControllerException] Controller class Images could not be found.
Exception Attributes: array (
  'class' => 'Images',
  'plugin' => NULL,
  'prefix' => NULL,
  '_ext' => NULL,
)
Request URL: /cms/images/home1/folio7.jpg
Referer URL: http://localhost/cms/
Stack Trace:
#0 C:\xampp\htdocs\cms\webroot\index.php(37): Cake\Routing\Dispatcher->dispatch(Object(Cake\Network\Request), Object(Cake\Network\Response))
#1 {main}


2016-09-28 21:21:31 Error: [Cake\Routing\Exception\MissingControllerException] Controller class Images could not be found.
Exception Attributes: array (
  'class' => 'Images',
  'plugin' => NULL,
  'prefix' => NULL,
  '_ext' => NULL,
)
Request URL: /cms/images/home1/blog3.jpg
Referer URL: http://localhost/cms/
Stack Trace:
#0 C:\xampp\htdocs\cms\webroot\index.php(37): Cake\Routing\Dispatcher->dispatch(Object(Cake\Network\Request), Object(Cake\Network\Response))
#1 {main}


2016-09-28 21:21:31 Error: [Cake\Routing\Exception\MissingControllerException] Controller class Images could not be found.
Exception Attributes: array (
  'class' => 'Images',
  'plugin' => NULL,
  'prefix' => NULL,
  '_ext' => NULL,
)
Request URL: /cms/images/home1/folio9.jpg
Referer URL: http://localhost/cms/
Stack Trace:
#0 C:\xampp\htdocs\cms\webroot\index.php(37): Cake\Routing\Dispatcher->dispatch(Object(Cake\Network\Request), Object(Cake\Network\Response))
#1 {main}


2016-09-28 21:21:31 Error: [Cake\Routing\Exception\MissingControllerException] Controller class Images could not be found.
Exception Attributes: array (
  'class' => 'Images',
  'plugin' => NULL,
  'prefix' => NULL,
  '_ext' => NULL,
)
Request URL: /cms/images/home1/blog2.jpg
Referer URL: http://localhost/cms/
Stack Trace:
#0 C:\xampp\htdocs\cms\webroot\index.php(37): Cake\Routing\Dispatcher->dispatch(Object(Cake\Network\Request), Object(Cake\Network\Response))
#1 {main}


2016-09-28 21:21:31 Error: [Cake\Routing\Exception\MissingControllerException] Controller class Images could not be found.
Exception Attributes: array (
  'class' => 'Images',
  'plugin' => NULL,
  'prefix' => NULL,
  '_ext' => NULL,
)
Request URL: /cms/images/home1/blog1.jpg
Referer URL: http://localhost/cms/
Stack Trace:
#0 C:\xampp\htdocs\cms\webroot\index.php(37): Cake\Routing\Dispatcher->dispatch(Object(Cake\Network\Request), Object(Cake\Network\Response))
#1 {main}


2016-09-28 21:21:31 Error: [Cake\Routing\Exception\MissingControllerException] Controller class Top_biz could not be found.
Exception Attributes: array (
  'class' => 'Top_biz',
  'plugin' => NULL,
  'prefix' => NULL,
  '_ext' => NULL,
)
Request URL: /cms/top_biz/fonts/fontawesome-webfont.woff2?v=4.3.0
Referer URL: http://localhost/cms/top_biz/css/font-awesome.min.css
Stack Trace:
#0 C:\xampp\htdocs\cms\webroot\index.php(37): Cake\Routing\Dispatcher->dispatch(Object(Cake\Network\Request), Object(Cake\Network\Response))
#1 {main}


