2016-09-29 21:02:44 Error: [Cake\Routing\Exception\MissingControllerException] Controller class Images could not be found.
Exception Attributes: array (
  'class' => 'Images',
  'plugin' => NULL,
  'prefix' => NULL,
  '_ext' => NULL,
)
Request URL: /cms/images/home1/folio3.jpg
Referer URL: http://localhost/cms/
Stack Trace:
#0 C:\xampp\htdocs\cms\webroot\index.php(37): Cake\Routing\Dispatcher->dispatch(Object(Cake\Network\Request), Object(Cake\Network\Response))
#1 {main}


2016-09-29 21:02:44 Error: [Cake\Routing\Exception\MissingControllerException] Controller class Images could not be found.
Exception Attributes: array (
  'class' => 'Images',
  'plugin' => NULL,
  'prefix' => NULL,
  '_ext' => NULL,
)
Request URL: /cms/images/home1/folio2.jpg
Referer URL: http://localhost/cms/
Stack Trace:
#0 C:\xampp\htdocs\cms\webroot\index.php(37): Cake\Routing\Dispatcher->dispatch(Object(Cake\Network\Request), Object(Cake\Network\Response))
#1 {main}


2016-09-29 21:02:44 Error: [Cake\Routing\Exception\MissingControllerException] Controller class Images could not be found.
Exception Attributes: array (
  'class' => 'Images',
  'plugin' => NULL,
  'prefix' => NULL,
  '_ext' => NULL,
)
Request URL: /cms/images/home1/folio4.jpg
Referer URL: http://localhost/cms/
Stack Trace:
#0 C:\xampp\htdocs\cms\webroot\index.php(37): Cake\Routing\Dispatcher->dispatch(Object(Cake\Network\Request), Object(Cake\Network\Response))
#1 {main}


2016-09-29 21:02:44 Error: [Cake\Routing\Exception\MissingControllerException] Controller class Images could not be found.
Exception Attributes: array (
  'class' => 'Images',
  'plugin' => NULL,
  'prefix' => NULL,
  '_ext' => NULL,
)
Request URL: /cms/images/home1/folio1.jpg
Referer URL: http://localhost/cms/
Stack Trace:
#0 C:\xampp\htdocs\cms\webroot\index.php(37): Cake\Routing\Dispatcher->dispatch(Object(Cake\Network\Request), Object(Cake\Network\Response))
#1 {main}


2016-09-29 21:02:44 Error: [Cake\Routing\Exception\MissingControllerException] Controller class Images could not be found.
Exception Attributes: array (
  'class' => 'Images',
  'plugin' => NULL,
  'prefix' => NULL,
  '_ext' => NULL,
)
Request URL: /cms/images/home1/folio8.jpg
Referer URL: http://localhost/cms/
Stack Trace:
#0 C:\xampp\htdocs\cms\webroot\index.php(37): Cake\Routing\Dispatcher->dispatch(Object(Cake\Network\Request), Object(Cake\Network\Response))
#1 {main}


2016-09-29 21:02:44 Error: [Cake\Routing\Exception\MissingControllerException] Controller class Images could not be found.
Exception Attributes: array (
  'class' => 'Images',
  'plugin' => NULL,
  'prefix' => NULL,
  '_ext' => NULL,
)
Request URL: /cms/images/home1/folio5.jpg
Referer URL: http://localhost/cms/
Stack Trace:
#0 C:\xampp\htdocs\cms\webroot\index.php(37): Cake\Routing\Dispatcher->dispatch(Object(Cake\Network\Request), Object(Cake\Network\Response))
#1 {main}


2016-09-29 21:02:44 Error: [Cake\Routing\Exception\MissingControllerException] Controller class Images could not be found.
Exception Attributes: array (
  'class' => 'Images',
  'plugin' => NULL,
  'prefix' => NULL,
  '_ext' => NULL,
)
Request URL: /cms/images/home1/folio7.jpg
Referer URL: http://localhost/cms/
Stack Trace:
#0 C:\xampp\htdocs\cms\webroot\index.php(37): Cake\Routing\Dispatcher->dispatch(Object(Cake\Network\Request), Object(Cake\Network\Response))
#1 {main}


2016-09-29 21:02:44 Error: [Cake\Routing\Exception\MissingControllerException] Controller class Images could not be found.
Exception Attributes: array (
  'class' => 'Images',
  'plugin' => NULL,
  'prefix' => NULL,
  '_ext' => NULL,
)
Request URL: /cms/images/home1/folio6.jpg
Referer URL: http://localhost/cms/
Stack Trace:
#0 C:\xampp\htdocs\cms\webroot\index.php(37): Cake\Routing\Dispatcher->dispatch(Object(Cake\Network\Request), Object(Cake\Network\Response))
#1 {main}


2016-09-29 21:02:44 Error: [Cake\Routing\Exception\MissingControllerException] Controller class Images could not be found.
Exception Attributes: array (
  'class' => 'Images',
  'plugin' => NULL,
  'prefix' => NULL,
  '_ext' => NULL,
)
Request URL: /cms/images/home1/blog1.jpg
Referer URL: http://localhost/cms/
Stack Trace:
#0 C:\xampp\htdocs\cms\webroot\index.php(37): Cake\Routing\Dispatcher->dispatch(Object(Cake\Network\Request), Object(Cake\Network\Response))
#1 {main}


2016-09-29 21:02:44 Error: [Cake\Routing\Exception\MissingControllerException] Controller class Images could not be found.
Exception Attributes: array (
  'class' => 'Images',
  'plugin' => NULL,
  'prefix' => NULL,
  '_ext' => NULL,
)
Request URL: /cms/images/home1/blog2.jpg
Referer URL: http://localhost/cms/
Stack Trace:
#0 C:\xampp\htdocs\cms\webroot\index.php(37): Cake\Routing\Dispatcher->dispatch(Object(Cake\Network\Request), Object(Cake\Network\Response))
#1 {main}


2016-09-29 21:02:44 Error: [Cake\Routing\Exception\MissingControllerException] Controller class Images could not be found.
Exception Attributes: array (
  'class' => 'Images',
  'plugin' => NULL,
  'prefix' => NULL,
  '_ext' => NULL,
)
Request URL: /cms/images/home1/blog3.jpg
Referer URL: http://localhost/cms/
Stack Trace:
#0 C:\xampp\htdocs\cms\webroot\index.php(37): Cake\Routing\Dispatcher->dispatch(Object(Cake\Network\Request), Object(Cake\Network\Response))
#1 {main}


2016-09-29 21:02:44 Error: [Cake\Routing\Exception\MissingControllerException] Controller class Images could not be found.
Exception Attributes: array (
  'class' => 'Images',
  'plugin' => NULL,
  'prefix' => NULL,
  '_ext' => NULL,
)
Request URL: /cms/images/home1/folio9.jpg
Referer URL: http://localhost/cms/
Stack Trace:
#0 C:\xampp\htdocs\cms\webroot\index.php(37): Cake\Routing\Dispatcher->dispatch(Object(Cake\Network\Request), Object(Cake\Network\Response))
#1 {main}


2016-09-29 21:02:45 Error: [Cake\Routing\Exception\MissingControllerException] Controller class Images could not be found.
Exception Attributes: array (
  'class' => 'Images',
  'plugin' => NULL,
  'prefix' => NULL,
  '_ext' => NULL,
)
Request URL: /cms/images/favicon.png
Stack Trace:
#0 C:\xampp\htdocs\cms\webroot\index.php(37): Cake\Routing\Dispatcher->dispatch(Object(Cake\Network\Request), Object(Cake\Network\Response))
#1 {main}


2016-09-29 21:02:46 Error: [Cake\Routing\Exception\MissingControllerException] Controller class Top_biz could not be found.
Exception Attributes: array (
  'class' => 'Top_biz',
  'plugin' => NULL,
  'prefix' => NULL,
  '_ext' => NULL,
)
Request URL: /cms/top_biz/fonts/fontawesome-webfont.woff2?v=4.3.0
Referer URL: http://localhost/cms/top_biz/css/font-awesome.min.css
Stack Trace:
#0 C:\xampp\htdocs\cms\webroot\index.php(37): Cake\Routing\Dispatcher->dispatch(Object(Cake\Network\Request), Object(Cake\Network\Response))
#1 {main}


2016-09-29 21:14:29 Warning: Warning (2): vsprintf(): Too few arguments in [C:\xampp\htdocs\cms\vendor\cakephp\cakephp\src\Utility\Hash.php, line 543]
Trace:
Cake\Error\BaseErrorHandler::handleError() - CORE\src\Error\BaseErrorHandler.php, line 147
vsprintf - [internal], line ??
Cake\Utility\Hash::format() - CORE\src\Utility\Hash.php, line 543
Cake\Utility\Hash::combine() - CORE\src\Utility\Hash.php, line 463
App\Controller\PagesController::index() - APP/Controller\PagesController.php, line 18
Cake\Controller\Controller::invokeAction() - CORE\src\Controller\Controller.php, line 429
Cake\Routing\Dispatcher::_invoke() - CORE\src\Routing\Dispatcher.php, line 114
Cake\Routing\Dispatcher::dispatch() - CORE\src\Routing\Dispatcher.php, line 87
[main] - ROOT\webroot\index.php, line 37



2016-09-29 21:15:09 Warning: Warning (2): vsprintf(): Too few arguments in [C:\xampp\htdocs\cms\vendor\cakephp\cakephp\src\Utility\Hash.php, line 543]
Trace:
Cake\Error\BaseErrorHandler::handleError() - CORE\src\Error\BaseErrorHandler.php, line 147
vsprintf - [internal], line ??
Cake\Utility\Hash::format() - CORE\src\Utility\Hash.php, line 543
Cake\Utility\Hash::combine() - CORE\src\Utility\Hash.php, line 453
App\Controller\PagesController::index() - APP/Controller\PagesController.php, line 18
Cake\Controller\Controller::invokeAction() - CORE\src\Controller\Controller.php, line 429
Cake\Routing\Dispatcher::_invoke() - CORE\src\Routing\Dispatcher.php, line 114
Cake\Routing\Dispatcher::dispatch() - CORE\src\Routing\Dispatcher.php, line 87
[main] - ROOT\webroot\index.php, line 37



2016-09-29 21:15:35 Warning: Warning (2): vsprintf(): Too few arguments in [C:\xampp\htdocs\cms\vendor\cakephp\cakephp\src\Utility\Hash.php, line 543]
Trace:
Cake\Error\BaseErrorHandler::handleError() - CORE\src\Error\BaseErrorHandler.php, line 147
vsprintf - [internal], line ??
Cake\Utility\Hash::format() - CORE\src\Utility\Hash.php, line 543
Cake\Utility\Hash::combine() - CORE\src\Utility\Hash.php, line 453
App\Controller\PagesController::index() - APP/Controller\PagesController.php, line 18
Cake\Controller\Controller::invokeAction() - CORE\src\Controller\Controller.php, line 429
Cake\Routing\Dispatcher::_invoke() - CORE\src\Routing\Dispatcher.php, line 114
Cake\Routing\Dispatcher::dispatch() - CORE\src\Routing\Dispatcher.php, line 87
[main] - ROOT\webroot\index.php, line 37



2016-09-29 21:19:40 Warning: Warning (2): preg_match() expects parameter 2 to be string, array given in [C:\xampp\htdocs\cms\vendor\cakephp\cakephp\src\Utility\Hash.php, line 137]
Trace:
Cake\Error\BaseErrorHandler::handleError() - CORE\src\Error\BaseErrorHandler.php, line 147
preg_match - [internal], line ??
Cake\Utility\Hash::extract() - CORE\src\Utility\Hash.php, line 137
Cake\Utility\Hash::combine() - CORE\src\Utility\Hash.php, line 478
App\Controller\PagesController::index() - APP/Controller\PagesController.php, line 18
Cake\Controller\Controller::invokeAction() - CORE\src\Controller\Controller.php, line 429
Cake\Routing\Dispatcher::_invoke() - CORE\src\Routing\Dispatcher.php, line 114
Cake\Routing\Dispatcher::dispatch() - CORE\src\Routing\Dispatcher.php, line 87
[main] - ROOT\webroot\index.php, line 37



2016-09-29 21:23:16 Error: Fatal Error (4): syntax error, unexpected '=>' (T_DOUBLE_ARROW) in [C:\xampp\htdocs\cms\src\Controller\PagesController.php, line 20]
Trace:
Cake\Error\BaseErrorHandler::handleFatalError() - CORE\src\Error\BaseErrorHandler.php, line 216
Cake\Error\BaseErrorHandler::Cake\Error\{closure}() - CORE\src\Error\BaseErrorHandler.php, line 99
[main] - [internal], line ??



2016-09-29 21:23:16 Error: [Cake\Error\FatalErrorException] syntax error, unexpected '=>' (T_DOUBLE_ARROW)
Request URL: /cms/
Stack Trace:
#0 C:\xampp\htdocs\cms\vendor\cakephp\cakephp\src\Error\BaseErrorHandler.php(99): Cake\Error\BaseErrorHandler->handleFatalError(4, 'syntax error, u...', 'C:\\xampp\\htdocs...', 20)
#1 [internal function]: Cake\Error\BaseErrorHandler->Cake\Error\{closure}()
#2 {main}


2016-09-29 21:23:28 Error: Fatal Error (1): Call to a member function find() on boolean in [C:\xampp\htdocs\cms\src\Controller\PagesController.php, line 19]
Trace:
Cake\Error\BaseErrorHandler::handleFatalError() - CORE\src\Error\BaseErrorHandler.php, line 216
Cake\Error\BaseErrorHandler::Cake\Error\{closure}() - CORE\src\Error\BaseErrorHandler.php, line 99
[main] - [internal], line ??



2016-09-29 21:23:28 Error: [Cake\Error\FatalErrorException] Call to a member function find() on boolean
Request URL: /cms/
Stack Trace:
#0 C:\xampp\htdocs\cms\vendor\cakephp\cakephp\src\Error\BaseErrorHandler.php(99): Cake\Error\BaseErrorHandler->handleFatalError(1, 'Call to a membe...', 'C:\\xampp\\htdocs...', 19)
#1 [internal function]: Cake\Error\BaseErrorHandler->Cake\Error\{closure}()
#2 {main}


2016-09-29 21:24:34 Error: [PDOException] SQLSTATE[42S22]: Column not found: 1054 Unknown column 'statuss' in 'where clause'
Request URL: /cms/
Stack Trace:
#0 C:\xampp\htdocs\cms\vendor\cakephp\cakephp\src\Database\Statement\MysqlStatement.php(36): PDOStatement->execute(NULL)
#1 C:\xampp\htdocs\cms\vendor\cakephp\cakephp\src\Database\Connection.php(270): Cake\Database\Statement\MysqlStatement->execute()
#2 C:\xampp\htdocs\cms\vendor\cakephp\cakephp\src\Database\Query.php(188): Cake\Database\Connection->run(Object(Cake\ORM\Query))
#3 C:\xampp\htdocs\cms\vendor\cakephp\cakephp\src\ORM\Query.php(921): Cake\Database\Query->execute()
#4 C:\xampp\htdocs\cms\vendor\cakephp\cakephp\src\Datasource\QueryTrait.php(272): Cake\ORM\Query->_execute()
#5 C:\xampp\htdocs\cms\vendor\cakephp\cakephp\src\ORM\Query.php(871): Cake\ORM\Query->_all()
#6 C:\xampp\htdocs\cms\vendor\cakephp\cakephp\src\Datasource\QueryTrait.php(288): Cake\ORM\Query->all()
#7 C:\xampp\htdocs\cms\src\Controller\PagesController.php(22): Cake\ORM\Query->toArray()
#8 [internal function]: App\Controller\PagesController->index()
#9 C:\xampp\htdocs\cms\vendor\cakephp\cakephp\src\Controller\Controller.php(429): call_user_func_array(Array, Array)
#10 C:\xampp\htdocs\cms\vendor\cakephp\cakephp\src\Routing\Dispatcher.php(114): Cake\Controller\Controller->invokeAction()
#11 C:\xampp\htdocs\cms\vendor\cakephp\cakephp\src\Routing\Dispatcher.php(87): Cake\Routing\Dispatcher->_invoke(Object(App\Controller\PagesController))
#12 C:\xampp\htdocs\cms\webroot\index.php(37): Cake\Routing\Dispatcher->dispatch(Object(Cake\Network\Request), Object(Cake\Network\Response))
#13 {main}


2016-09-29 21:24:44 Error: [PDOException] SQLSTATE[42S22]: Column not found: 1054 Unknown column 'category_ids' in 'where clause'
Request URL: /cms/
Stack Trace:
#0 C:\xampp\htdocs\cms\vendor\cakephp\cakephp\src\Database\Statement\MysqlStatement.php(36): PDOStatement->execute(NULL)
#1 C:\xampp\htdocs\cms\vendor\cakephp\cakephp\src\Database\Connection.php(270): Cake\Database\Statement\MysqlStatement->execute()
#2 C:\xampp\htdocs\cms\vendor\cakephp\cakephp\src\Database\Query.php(188): Cake\Database\Connection->run(Object(Cake\ORM\Query))
#3 C:\xampp\htdocs\cms\vendor\cakephp\cakephp\src\ORM\Query.php(921): Cake\Database\Query->execute()
#4 C:\xampp\htdocs\cms\vendor\cakephp\cakephp\src\Datasource\QueryTrait.php(272): Cake\ORM\Query->_execute()
#5 C:\xampp\htdocs\cms\vendor\cakephp\cakephp\src\ORM\Query.php(871): Cake\ORM\Query->_all()
#6 C:\xampp\htdocs\cms\vendor\cakephp\cakephp\src\Datasource\QueryTrait.php(288): Cake\ORM\Query->all()
#7 C:\xampp\htdocs\cms\src\Controller\PagesController.php(22): Cake\ORM\Query->toArray()
#8 [internal function]: App\Controller\PagesController->index()
#9 C:\xampp\htdocs\cms\vendor\cakephp\cakephp\src\Controller\Controller.php(429): call_user_func_array(Array, Array)
#10 C:\xampp\htdocs\cms\vendor\cakephp\cakephp\src\Routing\Dispatcher.php(114): Cake\Controller\Controller->invokeAction()
#11 C:\xampp\htdocs\cms\vendor\cakephp\cakephp\src\Routing\Dispatcher.php(87): Cake\Routing\Dispatcher->_invoke(Object(App\Controller\PagesController))
#12 C:\xampp\htdocs\cms\webroot\index.php(37): Cake\Routing\Dispatcher->dispatch(Object(Cake\Network\Request), Object(Cake\Network\Response))
#13 {main}


2016-09-29 21:27:43 Error: [PDOException] SQLSTATE[42S22]: Column not found: 1054 Unknown column 'id_category' in 'where clause'
Request URL: /cms/
Stack Trace:
#0 C:\xampp\htdocs\cms\vendor\cakephp\cakephp\src\Database\Statement\MysqlStatement.php(36): PDOStatement->execute(NULL)
#1 C:\xampp\htdocs\cms\vendor\cakephp\cakephp\src\Database\Connection.php(270): Cake\Database\Statement\MysqlStatement->execute()
#2 C:\xampp\htdocs\cms\vendor\cakephp\cakephp\src\Database\Query.php(188): Cake\Database\Connection->run(Object(Cake\ORM\Query))
#3 C:\xampp\htdocs\cms\vendor\cakephp\cakephp\src\ORM\Query.php(921): Cake\Database\Query->execute()
#4 C:\xampp\htdocs\cms\vendor\cakephp\cakephp\src\Datasource\QueryTrait.php(272): Cake\ORM\Query->_execute()
#5 C:\xampp\htdocs\cms\vendor\cakephp\cakephp\src\ORM\Query.php(871): Cake\ORM\Query->_all()
#6 C:\xampp\htdocs\cms\vendor\cakephp\cakephp\src\Datasource\QueryTrait.php(288): Cake\ORM\Query->all()
#7 C:\xampp\htdocs\cms\src\Controller\PagesController.php(22): Cake\ORM\Query->toArray()
#8 [internal function]: App\Controller\PagesController->index()
#9 C:\xampp\htdocs\cms\vendor\cakephp\cakephp\src\Controller\Controller.php(429): call_user_func_array(Array, Array)
#10 C:\xampp\htdocs\cms\vendor\cakephp\cakephp\src\Routing\Dispatcher.php(114): Cake\Controller\Controller->invokeAction()
#11 C:\xampp\htdocs\cms\vendor\cakephp\cakephp\src\Routing\Dispatcher.php(87): Cake\Routing\Dispatcher->_invoke(Object(App\Controller\PagesController))
#12 C:\xampp\htdocs\cms\webroot\index.php(37): Cake\Routing\Dispatcher->dispatch(Object(Cake\Network\Request), Object(Cake\Network\Response))
#13 {main}


2016-09-29 21:27:51 Error: [PDOException] SQLSTATE[42S22]: Column not found: 1054 Unknown column 'id_category' in 'where clause'
Request URL: /cms/
Stack Trace:
#0 C:\xampp\htdocs\cms\vendor\cakephp\cakephp\src\Database\Statement\MysqlStatement.php(36): PDOStatement->execute(NULL)
#1 C:\xampp\htdocs\cms\vendor\cakephp\cakephp\src\Database\Connection.php(270): Cake\Database\Statement\MysqlStatement->execute()
#2 C:\xampp\htdocs\cms\vendor\cakephp\cakephp\src\Database\Query.php(188): Cake\Database\Connection->run(Object(Cake\ORM\Query))
#3 C:\xampp\htdocs\cms\vendor\cakephp\cakephp\src\ORM\Query.php(921): Cake\Database\Query->execute()
#4 C:\xampp\htdocs\cms\vendor\cakephp\cakephp\src\Datasource\QueryTrait.php(272): Cake\ORM\Query->_execute()
#5 C:\xampp\htdocs\cms\vendor\cakephp\cakephp\src\ORM\Query.php(871): Cake\ORM\Query->_all()
#6 C:\xampp\htdocs\cms\vendor\cakephp\cakephp\src\Datasource\QueryTrait.php(288): Cake\ORM\Query->all()
#7 C:\xampp\htdocs\cms\src\Controller\PagesController.php(22): Cake\ORM\Query->toArray()
#8 [internal function]: App\Controller\PagesController->index()
#9 C:\xampp\htdocs\cms\vendor\cakephp\cakephp\src\Controller\Controller.php(429): call_user_func_array(Array, Array)
#10 C:\xampp\htdocs\cms\vendor\cakephp\cakephp\src\Routing\Dispatcher.php(114): Cake\Controller\Controller->invokeAction()
#11 C:\xampp\htdocs\cms\vendor\cakephp\cakephp\src\Routing\Dispatcher.php(87): Cake\Routing\Dispatcher->_invoke(Object(App\Controller\PagesController))
#12 C:\xampp\htdocs\cms\webroot\index.php(37): Cake\Routing\Dispatcher->dispatch(Object(Cake\Network\Request), Object(Cake\Network\Response))
#13 {main}


2016-09-29 21:29:47 Error: Fatal Error (4): syntax error, unexpected '=>' (T_DOUBLE_ARROW), expecting ']' in [C:\xampp\htdocs\cms\src\Controller\PagesController.php, line 20]
Trace:
Cake\Error\BaseErrorHandler::handleFatalError() - CORE\src\Error\BaseErrorHandler.php, line 216
Cake\Error\BaseErrorHandler::Cake\Error\{closure}() - CORE\src\Error\BaseErrorHandler.php, line 99
[main] - [internal], line ??



2016-09-29 21:29:48 Error: [Cake\Error\FatalErrorException] syntax error, unexpected '=>' (T_DOUBLE_ARROW), expecting ']'
Request URL: /cms/
Stack Trace:
#0 C:\xampp\htdocs\cms\vendor\cakephp\cakephp\src\Error\BaseErrorHandler.php(99): Cake\Error\BaseErrorHandler->handleFatalError(4, 'syntax error, u...', 'C:\\xampp\\htdocs...', 20)
#1 [internal function]: Cake\Error\BaseErrorHandler->Cake\Error\{closure}()
#2 {main}


2016-09-29 21:34:20 Error: [PDOException] SQLSTATE[42S22]: Column not found: 1054 Unknown column 'category_isd' in 'where clause'
Request URL: /cms/
Stack Trace:
#0 C:\xampp\htdocs\cms\vendor\cakephp\cakephp\src\Database\Statement\MysqlStatement.php(36): PDOStatement->execute(NULL)
#1 C:\xampp\htdocs\cms\vendor\cakephp\cakephp\src\Database\Connection.php(270): Cake\Database\Statement\MysqlStatement->execute()
#2 C:\xampp\htdocs\cms\vendor\cakephp\cakephp\src\Database\Query.php(188): Cake\Database\Connection->run(Object(Cake\ORM\Query))
#3 C:\xampp\htdocs\cms\vendor\cakephp\cakephp\src\ORM\Query.php(921): Cake\Database\Query->execute()
#4 C:\xampp\htdocs\cms\vendor\cakephp\cakephp\src\Datasource\QueryTrait.php(272): Cake\ORM\Query->_execute()
#5 C:\xampp\htdocs\cms\vendor\cakephp\cakephp\src\ORM\Query.php(871): Cake\ORM\Query->_all()
#6 C:\xampp\htdocs\cms\vendor\cakephp\cakephp\src\Datasource\QueryTrait.php(288): Cake\ORM\Query->all()
#7 C:\xampp\htdocs\cms\src\Controller\PagesController.php(22): Cake\ORM\Query->toArray()
#8 [internal function]: App\Controller\PagesController->index()
#9 C:\xampp\htdocs\cms\vendor\cakephp\cakephp\src\Controller\Controller.php(429): call_user_func_array(Array, Array)
#10 C:\xampp\htdocs\cms\vendor\cakephp\cakephp\src\Routing\Dispatcher.php(114): Cake\Controller\Controller->invokeAction()
#11 C:\xampp\htdocs\cms\vendor\cakephp\cakephp\src\Routing\Dispatcher.php(87): Cake\Routing\Dispatcher->_invoke(Object(App\Controller\PagesController))
#12 C:\xampp\htdocs\cms\webroot\index.php(37): Cake\Routing\Dispatcher->dispatch(Object(Cake\Network\Request), Object(Cake\Network\Response))
#13 {main}


2016-09-29 21:37:39 Error: Fatal Error (4): syntax error, unexpected '->' (T_OBJECT_OPERATOR) in [C:\xampp\htdocs\cms\src\Controller\PagesController.php, line 22]
Trace:
Cake\Error\BaseErrorHandler::handleFatalError() - CORE\src\Error\BaseErrorHandler.php, line 216
Cake\Error\BaseErrorHandler::Cake\Error\{closure}() - CORE\src\Error\BaseErrorHandler.php, line 99
[main] - [internal], line ??



2016-09-29 21:37:39 Error: [Cake\Error\FatalErrorException] syntax error, unexpected '->' (T_OBJECT_OPERATOR)
Request URL: /cms/
Stack Trace:
#0 C:\xampp\htdocs\cms\vendor\cakephp\cakephp\src\Error\BaseErrorHandler.php(99): Cake\Error\BaseErrorHandler->handleFatalError(4, 'syntax error, u...', 'C:\\xampp\\htdocs...', 22)
#1 [internal function]: Cake\Error\BaseErrorHandler->Cake\Error\{closure}()
#2 {main}


2016-09-29 21:44:10 Error: [PDOException] SQLSTATE[42S22]: Column not found: 1054 Unknown column 'Array' in 'order clause'
Request URL: /cms/
Stack Trace:
#0 C:\xampp\htdocs\cms\vendor\cakephp\cakephp\src\Database\Statement\MysqlStatement.php(36): PDOStatement->execute(NULL)
#1 C:\xampp\htdocs\cms\vendor\cakephp\cakephp\src\Database\Connection.php(270): Cake\Database\Statement\MysqlStatement->execute()
#2 C:\xampp\htdocs\cms\vendor\cakephp\cakephp\src\Database\Query.php(188): Cake\Database\Connection->run(Object(Cake\ORM\Query))
#3 C:\xampp\htdocs\cms\vendor\cakephp\cakephp\src\ORM\Query.php(921): Cake\Database\Query->execute()
#4 C:\xampp\htdocs\cms\vendor\cakephp\cakephp\src\Datasource\QueryTrait.php(272): Cake\ORM\Query->_execute()
#5 C:\xampp\htdocs\cms\vendor\cakephp\cakephp\src\ORM\Query.php(871): Cake\ORM\Query->_all()
#6 C:\xampp\htdocs\cms\vendor\cakephp\cakephp\src\Datasource\QueryTrait.php(288): Cake\ORM\Query->all()
#7 C:\xampp\htdocs\cms\src\Controller\PagesController.php(24): Cake\ORM\Query->toArray()
#8 [internal function]: App\Controller\PagesController->index()
#9 C:\xampp\htdocs\cms\vendor\cakephp\cakephp\src\Controller\Controller.php(429): call_user_func_array(Array, Array)
#10 C:\xampp\htdocs\cms\vendor\cakephp\cakephp\src\Routing\Dispatcher.php(114): Cake\Controller\Controller->invokeAction()
#11 C:\xampp\htdocs\cms\vendor\cakephp\cakephp\src\Routing\Dispatcher.php(87): Cake\Routing\Dispatcher->_invoke(Object(App\Controller\PagesController))
#12 C:\xampp\htdocs\cms\webroot\index.php(37): Cake\Routing\Dispatcher->dispatch(Object(Cake\Network\Request), Object(Cake\Network\Response))
#13 {main}


2016-09-29 21:44:27 Error: [PDOException] SQLSTATE[42000]: Syntax error or access violation: 1064 You have an error in your SQL syntax; check the manual that corresponds to your MariaDB server version for the right syntax to use near '3' at line 1
Request URL: /cms/
Stack Trace:
#0 C:\xampp\htdocs\cms\vendor\cakephp\cakephp\src\Database\Statement\MysqlStatement.php(36): PDOStatement->execute(NULL)
#1 C:\xampp\htdocs\cms\vendor\cakephp\cakephp\src\Database\Connection.php(270): Cake\Database\Statement\MysqlStatement->execute()
#2 C:\xampp\htdocs\cms\vendor\cakephp\cakephp\src\Database\Query.php(188): Cake\Database\Connection->run(Object(Cake\ORM\Query))
#3 C:\xampp\htdocs\cms\vendor\cakephp\cakephp\src\ORM\Query.php(921): Cake\Database\Query->execute()
#4 C:\xampp\htdocs\cms\vendor\cakephp\cakephp\src\Datasource\QueryTrait.php(272): Cake\ORM\Query->_execute()
#5 C:\xampp\htdocs\cms\vendor\cakephp\cakephp\src\ORM\Query.php(871): Cake\ORM\Query->_all()
#6 C:\xampp\htdocs\cms\vendor\cakephp\cakephp\src\Datasource\QueryTrait.php(288): Cake\ORM\Query->all()
#7 C:\xampp\htdocs\cms\src\Controller\PagesController.php(24): Cake\ORM\Query->toArray()
#8 [internal function]: App\Controller\PagesController->index()
#9 C:\xampp\htdocs\cms\vendor\cakephp\cakephp\src\Controller\Controller.php(429): call_user_func_array(Array, Array)
#10 C:\xampp\htdocs\cms\vendor\cakephp\cakephp\src\Routing\Dispatcher.php(114): Cake\Controller\Controller->invokeAction()
#11 C:\xampp\htdocs\cms\vendor\cakephp\cakephp\src\Routing\Dispatcher.php(87): Cake\Routing\Dispatcher->_invoke(Object(App\Controller\PagesController))
#12 C:\xampp\htdocs\cms\webroot\index.php(37): Cake\Routing\Dispatcher->dispatch(Object(Cake\Network\Request), Object(Cake\Network\Response))
#13 {main}


2016-09-29 21:45:02 Error: [PDOException] SQLSTATE[42S22]: Column not found: 1054 Unknown column 'Array' in 'order clause'
Request URL: /cms/
Stack Trace:
#0 C:\xampp\htdocs\cms\vendor\cakephp\cakephp\src\Database\Statement\MysqlStatement.php(36): PDOStatement->execute(NULL)
#1 C:\xampp\htdocs\cms\vendor\cakephp\cakephp\src\Database\Connection.php(270): Cake\Database\Statement\MysqlStatement->execute()
#2 C:\xampp\htdocs\cms\vendor\cakephp\cakephp\src\Database\Query.php(188): Cake\Database\Connection->run(Object(Cake\ORM\Query))
#3 C:\xampp\htdocs\cms\vendor\cakephp\cakephp\src\ORM\Query.php(921): Cake\Database\Query->execute()
#4 C:\xampp\htdocs\cms\vendor\cakephp\cakephp\src\Datasource\QueryTrait.php(272): Cake\ORM\Query->_execute()
#5 C:\xampp\htdocs\cms\vendor\cakephp\cakephp\src\ORM\Query.php(871): Cake\ORM\Query->_all()
#6 C:\xampp\htdocs\cms\vendor\cakephp\cakephp\src\Datasource\QueryTrait.php(288): Cake\ORM\Query->all()
#7 C:\xampp\htdocs\cms\src\Controller\PagesController.php(24): Cake\ORM\Query->toArray()
#8 [internal function]: App\Controller\PagesController->index()
#9 C:\xampp\htdocs\cms\vendor\cakephp\cakephp\src\Controller\Controller.php(429): call_user_func_array(Array, Array)
#10 C:\xampp\htdocs\cms\vendor\cakephp\cakephp\src\Routing\Dispatcher.php(114): Cake\Controller\Controller->invokeAction()
#11 C:\xampp\htdocs\cms\vendor\cakephp\cakephp\src\Routing\Dispatcher.php(87): Cake\Routing\Dispatcher->_invoke(Object(App\Controller\PagesController))
#12 C:\xampp\htdocs\cms\webroot\index.php(37): Cake\Routing\Dispatcher->dispatch(Object(Cake\Network\Request), Object(Cake\Network\Response))
#13 {main}


2016-09-29 21:45:30 Error: [PDOException] SQLSTATE[42S22]: Column not found: 1054 Unknown column 'Array' in 'order clause'
Request URL: /cms/
Stack Trace:
#0 C:\xampp\htdocs\cms\vendor\cakephp\cakephp\src\Database\Statement\MysqlStatement.php(36): PDOStatement->execute(NULL)
#1 C:\xampp\htdocs\cms\vendor\cakephp\cakephp\src\Database\Connection.php(270): Cake\Database\Statement\MysqlStatement->execute()
#2 C:\xampp\htdocs\cms\vendor\cakephp\cakephp\src\Database\Query.php(188): Cake\Database\Connection->run(Object(Cake\ORM\Query))
#3 C:\xampp\htdocs\cms\vendor\cakephp\cakephp\src\ORM\Query.php(921): Cake\Database\Query->execute()
#4 C:\xampp\htdocs\cms\vendor\cakephp\cakephp\src\Datasource\QueryTrait.php(272): Cake\ORM\Query->_execute()
#5 C:\xampp\htdocs\cms\vendor\cakephp\cakephp\src\ORM\Query.php(871): Cake\ORM\Query->_all()
#6 C:\xampp\htdocs\cms\vendor\cakephp\cakephp\src\Datasource\QueryTrait.php(288): Cake\ORM\Query->all()
#7 C:\xampp\htdocs\cms\src\Controller\PagesController.php(24): Cake\ORM\Query->toArray()
#8 [internal function]: App\Controller\PagesController->index()
#9 C:\xampp\htdocs\cms\vendor\cakephp\cakephp\src\Controller\Controller.php(429): call_user_func_array(Array, Array)
#10 C:\xampp\htdocs\cms\vendor\cakephp\cakephp\src\Routing\Dispatcher.php(114): Cake\Controller\Controller->invokeAction()
#11 C:\xampp\htdocs\cms\vendor\cakephp\cakephp\src\Routing\Dispatcher.php(87): Cake\Routing\Dispatcher->_invoke(Object(App\Controller\PagesController))
#12 C:\xampp\htdocs\cms\webroot\index.php(37): Cake\Routing\Dispatcher->dispatch(Object(Cake\Network\Request), Object(Cake\Network\Response))
#13 {main}


