2016-09-29 21:44:10 Notice: Notice (8): Array to string conversion in [C:\xampp\htdocs\cms\vendor\cakephp\cakephp\src\Database\Expression\OrderByExpression.php, line 55]
Trace:
Cake\Error\BaseErrorHandler::handleError() - CORE\src\Error\BaseErrorHandler.php, line 147
implode - [internal], line ??
Cake\Database\Expression\OrderByExpression::sql() - CORE\src\Database\Expression\OrderByExpression.php, line 55
Cake\Database\QueryCompiler::Cake\Database\{closure}() - CORE\src\Database\QueryCompiler.php, line 119
Cake\Database\Query::traverse() - CORE\src\Database\Query.php, line 254
Cake\Database\QueryCompiler::compile() - CORE\src\Database\QueryCompiler.php, line 99
Cake\Database\Driver::compileQuery() - CORE\src\Database\Driver.php, line 321
Cake\Database\Connection::compileQuery() - CORE\src\Database\Connection.php, line 256
Cake\Database\Query::sql() - CORE\src\Database\Query.php, line 225
Cake\ORM\Query::sql() - CORE\src\ORM\Query.php, line 902
Cake\Database\Driver\Mysql::prepare() - CORE\src\Database\Driver\Mysql.php, line 121
Cake\Database\Connection::prepare() - CORE\src\Database\Connection.php, line 216
Cake\Database\Connection::run() - CORE\src\Database\Connection.php, line 268
Cake\Database\Query::execute() - CORE\src\Database\Query.php, line 188
Cake\ORM\Query::_execute() - CORE\src\ORM\Query.php, line 921
Cake\ORM\Query::_all() - CORE\src\Datasource\QueryTrait.php, line 272
Cake\ORM\Query::all() - CORE\src\ORM\Query.php, line 871
Cake\ORM\Query::toArray() - CORE\src\Datasource\QueryTrait.php, line 288
App\Controller\PagesController::index() - APP/Controller\PagesController.php, line 24
Cake\Controller\Controller::invokeAction() - CORE\src\Controller\Controller.php, line 429
Cake\Routing\Dispatcher::_invoke() - CORE\src\Routing\Dispatcher.php, line 114
Cake\Routing\Dispatcher::dispatch() - CORE\src\Routing\Dispatcher.php, line 87
[main] - ROOT\webroot\index.php, line 37



2016-09-29 21:44:10 Notice: Notice (8): Array to string conversion in [C:\xampp\htdocs\cms\vendor\cakephp\cakephp\src\Database\Expression\OrderByExpression.php, line 55]
Trace:
Cake\Error\BaseErrorHandler::handleError() - CORE\src\Error\BaseErrorHandler.php, line 147
implode - [internal], line ??
Cake\Database\Expression\OrderByExpression::sql() - CORE\src\Database\Expression\OrderByExpression.php, line 55
Cake\Database\QueryCompiler::Cake\Database\{closure}() - CORE\src\Database\QueryCompiler.php, line 119
Cake\Database\Query::traverse() - CORE\src\Database\Query.php, line 254
Cake\Database\QueryCompiler::compile() - CORE\src\Database\QueryCompiler.php, line 99
Cake\Database\Driver::compileQuery() - CORE\src\Database\Driver.php, line 321
Cake\Database\Connection::compileQuery() - CORE\src\Database\Connection.php, line 256
Cake\Database\Query::sql() - CORE\src\Database\Query.php, line 225
Cake\ORM\Query::sql() - CORE\src\ORM\Query.php, line 902
Cake\Database\Query::__debugInfo() - CORE\src\Database\Query.php, line 1895
Cake\ORM\Query::__debugInfo() - CORE\src\ORM\Query.php, line 1092
Cake\Error\Debugger::_object() - CORE\src\Error\Debugger.php, line 546
Cake\Error\Debugger::_export() - CORE\src\Error\Debugger.php, line 474
Cake\Error\Debugger::exportVar() - CORE\src\Error\Debugger.php, line 440
include - CORE\src\Template\Element\exception_stack_trace.ctp, line 37
Cake\View\View::_evaluate() - CORE\src\View\View.php, line 992
Cake\View\View::_render() - CORE\src\View\View.php, line 952
Cake\View\View::_renderElement() - CORE\src\View\View.php, line 1329
Cake\View\View::element() - CORE\src\View\View.php, line 493
include - CORE\src\Template\Layout\dev_error.ctp, line 221
Cake\View\View::_evaluate() - CORE\src\View\View.php, line 992
Cake\View\View::_render() - CORE\src\View\View.php, line 952
Cake\View\View::renderLayout() - CORE\src\View\View.php, line 633
Cake\View\View::render() - CORE\src\View\View.php, line 592
Cake\Controller\Controller::render() - CORE\src\Controller\Controller.php, line 611
Cake\Error\ExceptionRenderer::_outputMessage() - CORE\src\Error\ExceptionRenderer.php, line 322
Cake\Error\ExceptionRenderer::render() - CORE\src\Error\ExceptionRenderer.php, line 194
Cake\Error\ErrorHandler::_displayException() - CORE\src\Error\ErrorHandler.php, line 144
Cake\Error\BaseErrorHandler::handleException() - CORE\src\Error\BaseErrorHandler.php, line 180
Cake\Error\BaseErrorHandler::wrapAndHandleException() - CORE\src\Error\BaseErrorHandler.php, line 164
[main] - [internal], line ??



2016-09-29 21:45:01 Notice: Notice (8): Array to string conversion in [C:\xampp\htdocs\cms\vendor\cakephp\cakephp\src\Database\Expression\OrderByExpression.php, line 55]
Trace:
Cake\Error\BaseErrorHandler::handleError() - CORE\src\Error\BaseErrorHandler.php, line 147
implode - [internal], line ??
Cake\Database\Expression\OrderByExpression::sql() - CORE\src\Database\Expression\OrderByExpression.php, line 55
Cake\Database\QueryCompiler::Cake\Database\{closure}() - CORE\src\Database\QueryCompiler.php, line 119
Cake\Database\Query::traverse() - CORE\src\Database\Query.php, line 254
Cake\Database\QueryCompiler::compile() - CORE\src\Database\QueryCompiler.php, line 99
Cake\Database\Driver::compileQuery() - CORE\src\Database\Driver.php, line 321
Cake\Database\Connection::compileQuery() - CORE\src\Database\Connection.php, line 256
Cake\Database\Query::sql() - CORE\src\Database\Query.php, line 225
Cake\ORM\Query::sql() - CORE\src\ORM\Query.php, line 902
Cake\Database\Driver\Mysql::prepare() - CORE\src\Database\Driver\Mysql.php, line 121
Cake\Database\Connection::prepare() - CORE\src\Database\Connection.php, line 216
Cake\Database\Connection::run() - CORE\src\Database\Connection.php, line 268
Cake\Database\Query::execute() - CORE\src\Database\Query.php, line 188
Cake\ORM\Query::_execute() - CORE\src\ORM\Query.php, line 921
Cake\ORM\Query::_all() - CORE\src\Datasource\QueryTrait.php, line 272
Cake\ORM\Query::all() - CORE\src\ORM\Query.php, line 871
Cake\ORM\Query::toArray() - CORE\src\Datasource\QueryTrait.php, line 288
App\Controller\PagesController::index() - APP/Controller\PagesController.php, line 24
Cake\Controller\Controller::invokeAction() - CORE\src\Controller\Controller.php, line 429
Cake\Routing\Dispatcher::_invoke() - CORE\src\Routing\Dispatcher.php, line 114
Cake\Routing\Dispatcher::dispatch() - CORE\src\Routing\Dispatcher.php, line 87
[main] - ROOT\webroot\index.php, line 37



2016-09-29 21:45:02 Notice: Notice (8): Array to string conversion in [C:\xampp\htdocs\cms\vendor\cakephp\cakephp\src\Database\Expression\OrderByExpression.php, line 55]
Trace:
Cake\Error\BaseErrorHandler::handleError() - CORE\src\Error\BaseErrorHandler.php, line 147
implode - [internal], line ??
Cake\Database\Expression\OrderByExpression::sql() - CORE\src\Database\Expression\OrderByExpression.php, line 55
Cake\Database\QueryCompiler::Cake\Database\{closure}() - CORE\src\Database\QueryCompiler.php, line 119
Cake\Database\Query::traverse() - CORE\src\Database\Query.php, line 254
Cake\Database\QueryCompiler::compile() - CORE\src\Database\QueryCompiler.php, line 99
Cake\Database\Driver::compileQuery() - CORE\src\Database\Driver.php, line 321
Cake\Database\Connection::compileQuery() - CORE\src\Database\Connection.php, line 256
Cake\Database\Query::sql() - CORE\src\Database\Query.php, line 225
Cake\ORM\Query::sql() - CORE\src\ORM\Query.php, line 902
Cake\Database\Query::__debugInfo() - CORE\src\Database\Query.php, line 1895
Cake\ORM\Query::__debugInfo() - CORE\src\ORM\Query.php, line 1092
Cake\Error\Debugger::_object() - CORE\src\Error\Debugger.php, line 546
Cake\Error\Debugger::_export() - CORE\src\Error\Debugger.php, line 474
Cake\Error\Debugger::exportVar() - CORE\src\Error\Debugger.php, line 440
include - CORE\src\Template\Element\exception_stack_trace.ctp, line 37
Cake\View\View::_evaluate() - CORE\src\View\View.php, line 992
Cake\View\View::_render() - CORE\src\View\View.php, line 952
Cake\View\View::_renderElement() - CORE\src\View\View.php, line 1329
Cake\View\View::element() - CORE\src\View\View.php, line 493
include - CORE\src\Template\Layout\dev_error.ctp, line 221
Cake\View\View::_evaluate() - CORE\src\View\View.php, line 992
Cake\View\View::_render() - CORE\src\View\View.php, line 952
Cake\View\View::renderLayout() - CORE\src\View\View.php, line 633
Cake\View\View::render() - CORE\src\View\View.php, line 592
Cake\Controller\Controller::render() - CORE\src\Controller\Controller.php, line 611
Cake\Error\ExceptionRenderer::_outputMessage() - CORE\src\Error\ExceptionRenderer.php, line 322
Cake\Error\ExceptionRenderer::render() - CORE\src\Error\ExceptionRenderer.php, line 194
Cake\Error\ErrorHandler::_displayException() - CORE\src\Error\ErrorHandler.php, line 144
Cake\Error\BaseErrorHandler::handleException() - CORE\src\Error\BaseErrorHandler.php, line 180
Cake\Error\BaseErrorHandler::wrapAndHandleException() - CORE\src\Error\BaseErrorHandler.php, line 164
[main] - [internal], line ??



2016-09-29 21:45:30 Notice: Notice (8): Array to string conversion in [C:\xampp\htdocs\cms\vendor\cakephp\cakephp\src\Database\Expression\OrderByExpression.php, line 55]
Trace:
Cake\Error\BaseErrorHandler::handleError() - CORE\src\Error\BaseErrorHandler.php, line 147
implode - [internal], line ??
Cake\Database\Expression\OrderByExpression::sql() - CORE\src\Database\Expression\OrderByExpression.php, line 55
Cake\Database\QueryCompiler::Cake\Database\{closure}() - CORE\src\Database\QueryCompiler.php, line 119
Cake\Database\Query::traverse() - CORE\src\Database\Query.php, line 254
Cake\Database\QueryCompiler::compile() - CORE\src\Database\QueryCompiler.php, line 99
Cake\Database\Driver::compileQuery() - CORE\src\Database\Driver.php, line 321
Cake\Database\Connection::compileQuery() - CORE\src\Database\Connection.php, line 256
Cake\Database\Query::sql() - CORE\src\Database\Query.php, line 225
Cake\ORM\Query::sql() - CORE\src\ORM\Query.php, line 902
Cake\Database\Driver\Mysql::prepare() - CORE\src\Database\Driver\Mysql.php, line 121
Cake\Database\Connection::prepare() - CORE\src\Database\Connection.php, line 216
Cake\Database\Connection::run() - CORE\src\Database\Connection.php, line 268
Cake\Database\Query::execute() - CORE\src\Database\Query.php, line 188
Cake\ORM\Query::_execute() - CORE\src\ORM\Query.php, line 921
Cake\ORM\Query::_all() - CORE\src\Datasource\QueryTrait.php, line 272
Cake\ORM\Query::all() - CORE\src\ORM\Query.php, line 871
Cake\ORM\Query::toArray() - CORE\src\Datasource\QueryTrait.php, line 288
App\Controller\PagesController::index() - APP/Controller\PagesController.php, line 24
Cake\Controller\Controller::invokeAction() - CORE\src\Controller\Controller.php, line 429
Cake\Routing\Dispatcher::_invoke() - CORE\src\Routing\Dispatcher.php, line 114
Cake\Routing\Dispatcher::dispatch() - CORE\src\Routing\Dispatcher.php, line 87
[main] - ROOT\webroot\index.php, line 37



2016-09-29 21:45:30 Notice: Notice (8): Array to string conversion in [C:\xampp\htdocs\cms\vendor\cakephp\cakephp\src\Database\Expression\OrderByExpression.php, line 55]
Trace:
Cake\Error\BaseErrorHandler::handleError() - CORE\src\Error\BaseErrorHandler.php, line 147
implode - [internal], line ??
Cake\Database\Expression\OrderByExpression::sql() - CORE\src\Database\Expression\OrderByExpression.php, line 55
Cake\Database\QueryCompiler::Cake\Database\{closure}() - CORE\src\Database\QueryCompiler.php, line 119
Cake\Database\Query::traverse() - CORE\src\Database\Query.php, line 254
Cake\Database\QueryCompiler::compile() - CORE\src\Database\QueryCompiler.php, line 99
Cake\Database\Driver::compileQuery() - CORE\src\Database\Driver.php, line 321
Cake\Database\Connection::compileQuery() - CORE\src\Database\Connection.php, line 256
Cake\Database\Query::sql() - CORE\src\Database\Query.php, line 225
Cake\ORM\Query::sql() - CORE\src\ORM\Query.php, line 902
Cake\Database\Query::__debugInfo() - CORE\src\Database\Query.php, line 1895
Cake\ORM\Query::__debugInfo() - CORE\src\ORM\Query.php, line 1092
Cake\Error\Debugger::_object() - CORE\src\Error\Debugger.php, line 546
Cake\Error\Debugger::_export() - CORE\src\Error\Debugger.php, line 474
Cake\Error\Debugger::exportVar() - CORE\src\Error\Debugger.php, line 440
include - CORE\src\Template\Element\exception_stack_trace.ctp, line 37
Cake\View\View::_evaluate() - CORE\src\View\View.php, line 992
Cake\View\View::_render() - CORE\src\View\View.php, line 952
Cake\View\View::_renderElement() - CORE\src\View\View.php, line 1329
Cake\View\View::element() - CORE\src\View\View.php, line 493
include - CORE\src\Template\Layout\dev_error.ctp, line 221
Cake\View\View::_evaluate() - CORE\src\View\View.php, line 992
Cake\View\View::_render() - CORE\src\View\View.php, line 952
Cake\View\View::renderLayout() - CORE\src\View\View.php, line 633
Cake\View\View::render() - CORE\src\View\View.php, line 592
Cake\Controller\Controller::render() - CORE\src\Controller\Controller.php, line 611
Cake\Error\ExceptionRenderer::_outputMessage() - CORE\src\Error\ExceptionRenderer.php, line 322
Cake\Error\ExceptionRenderer::render() - CORE\src\Error\ExceptionRenderer.php, line 194
Cake\Error\ErrorHandler::_displayException() - CORE\src\Error\ErrorHandler.php, line 144
Cake\Error\BaseErrorHandler::handleException() - CORE\src\Error\BaseErrorHandler.php, line 180
Cake\Error\BaseErrorHandler::wrapAndHandleException() - CORE\src\Error\BaseErrorHandler.php, line 164
[main] - [internal], line ??



2016-09-29 21:51:42 Notice: Notice (8): Undefined variable: value_menus in [C:\xampp\htdocs\cms\src\Controller\PagesController.php, line 22]
Trace:
Cake\Error\BaseErrorHandler::handleError() - CORE\src\Error\BaseErrorHandler.php, line 147
App\Controller\PagesController::index() - APP/Controller\PagesController.php, line 22
Cake\Controller\Controller::invokeAction() - CORE\src\Controller\Controller.php, line 429
Cake\Routing\Dispatcher::_invoke() - CORE\src\Routing\Dispatcher.php, line 114
Cake\Routing\Dispatcher::dispatch() - CORE\src\Routing\Dispatcher.php, line 87
[main] - ROOT\webroot\index.php, line 37



