2016-09-30 15:13:38 Notice: Notice (8): Undefined variable: result in [C:\xampp\htdocs\cms\src\Controller\PagesController.php, line 21]
Trace:
Cake\Error\BaseErrorHandler::handleError() - CORE\src\Error\BaseErrorHandler.php, line 147
App\Controller\PagesController::__menuHeader() - APP/Controller\PagesController.php, line 21
App\Controller\PagesController::index() - APP/Controller\PagesController.php, line 10
Cake\Controller\Controller::invokeAction() - CORE\src\Controller\Controller.php, line 429
Cake\Routing\Dispatcher::_invoke() - CORE\src\Routing\Dispatcher.php, line 114
Cake\Routing\Dispatcher::dispatch() - CORE\src\Routing\Dispatcher.php, line 87
[main] - ROOT\webroot\index.php, line 37



2016-09-30 16:31:49 Notice: Notice (8): Undefined offset: 0 in [C:\xampp\htdocs\cms\src\Controller\PagesController.php, line 37]
Trace:
Cake\Error\BaseErrorHandler::handleError() - CORE\src\Error\BaseErrorHandler.php, line 147
App\Controller\PagesController::__categoryPage() - APP/Controller\PagesController.php, line 37
App\Controller\PagesController::__menuHeader() - APP/Controller\PagesController.php, line 24
App\Controller\PagesController::index() - APP/Controller\PagesController.php, line 8
Cake\Controller\Controller::invokeAction() - CORE\src\Controller\Controller.php, line 429
Cake\Routing\Dispatcher::_invoke() - CORE\src\Routing\Dispatcher.php, line 114
Cake\Routing\Dispatcher::dispatch() - CORE\src\Routing\Dispatcher.php, line 87
[main] - ROOT\webroot\index.php, line 37



2016-09-30 16:31:49 Notice: Notice (8): Undefined variable: id_category in [C:\xampp\htdocs\cms\src\Controller\PagesController.php, line 37]
Trace:
Cake\Error\BaseErrorHandler::handleError() - CORE\src\Error\BaseErrorHandler.php, line 147
App\Controller\PagesController::__categoryPage() - APP/Controller\PagesController.php, line 37
App\Controller\PagesController::__menuHeader() - APP/Controller\PagesController.php, line 24
App\Controller\PagesController::index() - APP/Controller\PagesController.php, line 8
Cake\Controller\Controller::invokeAction() - CORE\src\Controller\Controller.php, line 429
Cake\Routing\Dispatcher::_invoke() - CORE\src\Routing\Dispatcher.php, line 114
Cake\Routing\Dispatcher::dispatch() - CORE\src\Routing\Dispatcher.php, line 87
[main] - ROOT\webroot\index.php, line 37



2016-09-30 16:32:09 Notice: Notice (8): Undefined offset: 0 in [C:\xampp\htdocs\cms\src\Controller\PagesController.php, line 38]
Trace:
Cake\Error\BaseErrorHandler::handleError() - CORE\src\Error\BaseErrorHandler.php, line 147
App\Controller\PagesController::__categoryPage() - APP/Controller\PagesController.php, line 38
App\Controller\PagesController::__menuHeader() - APP/Controller\PagesController.php, line 24
App\Controller\PagesController::index() - APP/Controller\PagesController.php, line 8
Cake\Controller\Controller::invokeAction() - CORE\src\Controller\Controller.php, line 429
Cake\Routing\Dispatcher::_invoke() - CORE\src\Routing\Dispatcher.php, line 114
Cake\Routing\Dispatcher::dispatch() - CORE\src\Routing\Dispatcher.php, line 87
[main] - ROOT\webroot\index.php, line 37



2016-09-30 16:32:09 Notice: Notice (8): Undefined variable: id_category in [C:\xampp\htdocs\cms\src\Controller\PagesController.php, line 38]
Trace:
Cake\Error\BaseErrorHandler::handleError() - CORE\src\Error\BaseErrorHandler.php, line 147
App\Controller\PagesController::__categoryPage() - APP/Controller\PagesController.php, line 38
App\Controller\PagesController::__menuHeader() - APP/Controller\PagesController.php, line 24
App\Controller\PagesController::index() - APP/Controller\PagesController.php, line 8
Cake\Controller\Controller::invokeAction() - CORE\src\Controller\Controller.php, line 429
Cake\Routing\Dispatcher::_invoke() - CORE\src\Routing\Dispatcher.php, line 114
Cake\Routing\Dispatcher::dispatch() - CORE\src\Routing\Dispatcher.php, line 87
[main] - ROOT\webroot\index.php, line 37



2016-09-30 16:32:30 Notice: Notice (8): Undefined variable: id_category in [C:\xampp\htdocs\cms\src\Controller\PagesController.php, line 37]
Trace:
Cake\Error\BaseErrorHandler::handleError() - CORE\src\Error\BaseErrorHandler.php, line 147
App\Controller\PagesController::__categoryPage() - APP/Controller\PagesController.php, line 37
App\Controller\PagesController::__menuHeader() - APP/Controller\PagesController.php, line 24
App\Controller\PagesController::index() - APP/Controller\PagesController.php, line 8
Cake\Controller\Controller::invokeAction() - CORE\src\Controller\Controller.php, line 429
Cake\Routing\Dispatcher::_invoke() - CORE\src\Routing\Dispatcher.php, line 114
Cake\Routing\Dispatcher::dispatch() - CORE\src\Routing\Dispatcher.php, line 87
[main] - ROOT\webroot\index.php, line 37



2016-09-30 16:34:40 Notice: Notice (8): Undefined variable: caseOrder in [C:\xampp\htdocs\cms\src\Controller\PagesController.php, line 37]
Trace:
Cake\Error\BaseErrorHandler::handleError() - CORE\src\Error\BaseErrorHandler.php, line 147
App\Controller\PagesController::__categoryPage() - APP/Controller\PagesController.php, line 37
App\Controller\PagesController::__menuHeader() - APP/Controller\PagesController.php, line 24
App\Controller\PagesController::index() - APP/Controller\PagesController.php, line 8
Cake\Controller\Controller::invokeAction() - CORE\src\Controller\Controller.php, line 429
Cake\Routing\Dispatcher::_invoke() - CORE\src\Routing\Dispatcher.php, line 114
Cake\Routing\Dispatcher::dispatch() - CORE\src\Routing\Dispatcher.php, line 87
[main] - ROOT\webroot\index.php, line 37



2016-09-30 16:34:40 Notice: Notice (8): Undefined variable: id_category in [C:\xampp\htdocs\cms\src\Controller\PagesController.php, line 39]
Trace:
Cake\Error\BaseErrorHandler::handleError() - CORE\src\Error\BaseErrorHandler.php, line 147
App\Controller\PagesController::__categoryPage() - APP/Controller\PagesController.php, line 39
App\Controller\PagesController::__menuHeader() - APP/Controller\PagesController.php, line 24
App\Controller\PagesController::index() - APP/Controller\PagesController.php, line 8
Cake\Controller\Controller::invokeAction() - CORE\src\Controller\Controller.php, line 429
Cake\Routing\Dispatcher::_invoke() - CORE\src\Routing\Dispatcher.php, line 114
Cake\Routing\Dispatcher::dispatch() - CORE\src\Routing\Dispatcher.php, line 87
[main] - ROOT\webroot\index.php, line 37



2016-09-30 16:35:02 Notice: Notice (8): Undefined variable: caseOrder in [C:\xampp\htdocs\cms\src\Controller\PagesController.php, line 37]
Trace:
Cake\Error\BaseErrorHandler::handleError() - CORE\src\Error\BaseErrorHandler.php, line 147
App\Controller\PagesController::__categoryPage() - APP/Controller\PagesController.php, line 37
App\Controller\PagesController::__menuHeader() - APP/Controller\PagesController.php, line 24
App\Controller\PagesController::index() - APP/Controller\PagesController.php, line 8
Cake\Controller\Controller::invokeAction() - CORE\src\Controller\Controller.php, line 429
Cake\Routing\Dispatcher::_invoke() - CORE\src\Routing\Dispatcher.php, line 114
Cake\Routing\Dispatcher::dispatch() - CORE\src\Routing\Dispatcher.php, line 87
[main] - ROOT\webroot\index.php, line 37



2016-09-30 16:35:02 Notice: Notice (8): Undefined variable: id_category in [C:\xampp\htdocs\cms\src\Controller\PagesController.php, line 39]
Trace:
Cake\Error\BaseErrorHandler::handleError() - CORE\src\Error\BaseErrorHandler.php, line 147
App\Controller\PagesController::__categoryPage() - APP/Controller\PagesController.php, line 39
App\Controller\PagesController::__menuHeader() - APP/Controller\PagesController.php, line 24
App\Controller\PagesController::index() - APP/Controller\PagesController.php, line 8
Cake\Controller\Controller::invokeAction() - CORE\src\Controller\Controller.php, line 429
Cake\Routing\Dispatcher::_invoke() - CORE\src\Routing\Dispatcher.php, line 114
Cake\Routing\Dispatcher::dispatch() - CORE\src\Routing\Dispatcher.php, line 87
[main] - ROOT\webroot\index.php, line 37



2016-09-30 16:35:08 Notice: Notice (8): Undefined variable: caseOrder in [C:\xampp\htdocs\cms\src\Controller\PagesController.php, line 37]
Trace:
Cake\Error\BaseErrorHandler::handleError() - CORE\src\Error\BaseErrorHandler.php, line 147
App\Controller\PagesController::__categoryPage() - APP/Controller\PagesController.php, line 37
App\Controller\PagesController::__menuHeader() - APP/Controller\PagesController.php, line 24
App\Controller\PagesController::index() - APP/Controller\PagesController.php, line 8
Cake\Controller\Controller::invokeAction() - CORE\src\Controller\Controller.php, line 429
Cake\Routing\Dispatcher::_invoke() - CORE\src\Routing\Dispatcher.php, line 114
Cake\Routing\Dispatcher::dispatch() - CORE\src\Routing\Dispatcher.php, line 87
[main] - ROOT\webroot\index.php, line 37



2016-09-30 16:35:08 Notice: Notice (8): Undefined variable: id_category in [C:\xampp\htdocs\cms\src\Controller\PagesController.php, line 39]
Trace:
Cake\Error\BaseErrorHandler::handleError() - CORE\src\Error\BaseErrorHandler.php, line 147
App\Controller\PagesController::__categoryPage() - APP/Controller\PagesController.php, line 39
App\Controller\PagesController::__menuHeader() - APP/Controller\PagesController.php, line 24
App\Controller\PagesController::index() - APP/Controller\PagesController.php, line 8
Cake\Controller\Controller::invokeAction() - CORE\src\Controller\Controller.php, line 429
Cake\Routing\Dispatcher::_invoke() - CORE\src\Routing\Dispatcher.php, line 114
Cake\Routing\Dispatcher::dispatch() - CORE\src\Routing\Dispatcher.php, line 87
[main] - ROOT\webroot\index.php, line 37



2016-09-30 16:35:25 Notice: Notice (8): Undefined variable: caseOrder in [C:\xampp\htdocs\cms\src\Controller\PagesController.php, line 37]
Trace:
Cake\Error\BaseErrorHandler::handleError() - CORE\src\Error\BaseErrorHandler.php, line 147
App\Controller\PagesController::__categoryPage() - APP/Controller\PagesController.php, line 37
App\Controller\PagesController::__menuHeader() - APP/Controller\PagesController.php, line 24
App\Controller\PagesController::index() - APP/Controller\PagesController.php, line 8
Cake\Controller\Controller::invokeAction() - CORE\src\Controller\Controller.php, line 429
Cake\Routing\Dispatcher::_invoke() - CORE\src\Routing\Dispatcher.php, line 114
Cake\Routing\Dispatcher::dispatch() - CORE\src\Routing\Dispatcher.php, line 87
[main] - ROOT\webroot\index.php, line 37



2016-09-30 16:35:25 Notice: Notice (8): Undefined variable: id_category in [C:\xampp\htdocs\cms\src\Controller\PagesController.php, line 39]
Trace:
Cake\Error\BaseErrorHandler::handleError() - CORE\src\Error\BaseErrorHandler.php, line 147
App\Controller\PagesController::__categoryPage() - APP/Controller\PagesController.php, line 39
App\Controller\PagesController::__menuHeader() - APP/Controller\PagesController.php, line 24
App\Controller\PagesController::index() - APP/Controller\PagesController.php, line 8
Cake\Controller\Controller::invokeAction() - CORE\src\Controller\Controller.php, line 429
Cake\Routing\Dispatcher::_invoke() - CORE\src\Routing\Dispatcher.php, line 114
Cake\Routing\Dispatcher::dispatch() - CORE\src\Routing\Dispatcher.php, line 87
[main] - ROOT\webroot\index.php, line 37



2016-09-30 16:35:44 Notice: Notice (8): Undefined variable: caseOrder in [C:\xampp\htdocs\cms\src\Controller\PagesController.php, line 37]
Trace:
Cake\Error\BaseErrorHandler::handleError() - CORE\src\Error\BaseErrorHandler.php, line 147
App\Controller\PagesController::__categoryPage() - APP/Controller\PagesController.php, line 37
App\Controller\PagesController::__menuHeader() - APP/Controller\PagesController.php, line 24
App\Controller\PagesController::index() - APP/Controller\PagesController.php, line 8
Cake\Controller\Controller::invokeAction() - CORE\src\Controller\Controller.php, line 429
Cake\Routing\Dispatcher::_invoke() - CORE\src\Routing\Dispatcher.php, line 114
Cake\Routing\Dispatcher::dispatch() - CORE\src\Routing\Dispatcher.php, line 87
[main] - ROOT\webroot\index.php, line 37



2016-09-30 16:35:44 Notice: Notice (8): Undefined variable: id_category in [C:\xampp\htdocs\cms\src\Controller\PagesController.php, line 39]
Trace:
Cake\Error\BaseErrorHandler::handleError() - CORE\src\Error\BaseErrorHandler.php, line 147
App\Controller\PagesController::__categoryPage() - APP/Controller\PagesController.php, line 39
App\Controller\PagesController::__menuHeader() - APP/Controller\PagesController.php, line 24
App\Controller\PagesController::index() - APP/Controller\PagesController.php, line 8
Cake\Controller\Controller::invokeAction() - CORE\src\Controller\Controller.php, line 429
Cake\Routing\Dispatcher::_invoke() - CORE\src\Routing\Dispatcher.php, line 114
Cake\Routing\Dispatcher::dispatch() - CORE\src\Routing\Dispatcher.php, line 87
[main] - ROOT\webroot\index.php, line 37



