2016-10-30 23:39:22 Notice: Notice (8): Undefined offset: 3 in [C:\xampp\htdocs\cms\src\Controller\AppController.php, line 94]
Trace:
Cake\Error\BaseErrorHandler::handleError() - CORE\src\Error\BaseErrorHandler.php, line 147
App\Controller\AppController::__categoryPage() - APP/Controller\AppController.php, line 94
App\Controller\AppController::__menuHeader() - APP/Controller\AppController.php, line 60
App\Controller\AppController::beforeRender() - APP/Controller\AppController.php, line 43
Cake\Event\EventManager::_callListener() - CORE\src\Event\EventManager.php, line 386
Cake\Event\EventManager::dispatch() - CORE\src\Event\EventManager.php, line 356
Cake\Controller\Controller::dispatchEvent() - CORE\src\Event\EventDispatcherTrait.php, line 78
Cake\Controller\Controller::render() - CORE\src\Controller\Controller.php, line 596
Cake\Routing\Dispatcher::_invoke() - CORE\src\Routing\Dispatcher.php, line 120
Cake\Routing\Dispatcher::dispatch() - CORE\src\Routing\Dispatcher.php, line 87
[main] - ROOT\webroot\index.php, line 37



2016-10-30 23:39:22 Notice: Notice (8): Undefined offset: 3 in [C:\xampp\htdocs\cms\src\Controller\AppController.php, line 96]
Trace:
Cake\Error\BaseErrorHandler::handleError() - CORE\src\Error\BaseErrorHandler.php, line 147
App\Controller\AppController::__categoryPage() - APP/Controller\AppController.php, line 96
App\Controller\AppController::__menuHeader() - APP/Controller\AppController.php, line 60
App\Controller\AppController::beforeRender() - APP/Controller\AppController.php, line 43
Cake\Event\EventManager::_callListener() - CORE\src\Event\EventManager.php, line 386
Cake\Event\EventManager::dispatch() - CORE\src\Event\EventManager.php, line 356
Cake\Controller\Controller::dispatchEvent() - CORE\src\Event\EventDispatcherTrait.php, line 78
Cake\Controller\Controller::render() - CORE\src\Controller\Controller.php, line 596
Cake\Routing\Dispatcher::_invoke() - CORE\src\Routing\Dispatcher.php, line 120
Cake\Routing\Dispatcher::dispatch() - CORE\src\Routing\Dispatcher.php, line 87
[main] - ROOT\webroot\index.php, line 37



2016-10-30 23:42:23 Notice: Notice (8): Undefined offset: 3 in [C:\xampp\htdocs\cms\src\Controller\AppController.php, line 96]
Trace:
Cake\Error\BaseErrorHandler::handleError() - CORE\src\Error\BaseErrorHandler.php, line 147
App\Controller\AppController::__categoryPage() - APP/Controller\AppController.php, line 96
App\Controller\AppController::__menuHeader() - APP/Controller\AppController.php, line 60
App\Controller\AppController::beforeRender() - APP/Controller\AppController.php, line 43
Cake\Event\EventManager::_callListener() - CORE\src\Event\EventManager.php, line 386
Cake\Event\EventManager::dispatch() - CORE\src\Event\EventManager.php, line 356
Cake\Controller\Controller::dispatchEvent() - CORE\src\Event\EventDispatcherTrait.php, line 78
Cake\Controller\Controller::render() - CORE\src\Controller\Controller.php, line 596
Cake\Routing\Dispatcher::_invoke() - CORE\src\Routing\Dispatcher.php, line 120
Cake\Routing\Dispatcher::dispatch() - CORE\src\Routing\Dispatcher.php, line 87
[main] - ROOT\webroot\index.php, line 37



2016-10-30 23:42:23 Notice: Notice (8): Undefined offset: 3 in [C:\xampp\htdocs\cms\src\Controller\AppController.php, line 98]
Trace:
Cake\Error\BaseErrorHandler::handleError() - CORE\src\Error\BaseErrorHandler.php, line 147
App\Controller\AppController::__categoryPage() - APP/Controller\AppController.php, line 98
App\Controller\AppController::__menuHeader() - APP/Controller\AppController.php, line 60
App\Controller\AppController::beforeRender() - APP/Controller\AppController.php, line 43
Cake\Event\EventManager::_callListener() - CORE\src\Event\EventManager.php, line 386
Cake\Event\EventManager::dispatch() - CORE\src\Event\EventManager.php, line 356
Cake\Controller\Controller::dispatchEvent() - CORE\src\Event\EventDispatcherTrait.php, line 78
Cake\Controller\Controller::render() - CORE\src\Controller\Controller.php, line 596
Cake\Routing\Dispatcher::_invoke() - CORE\src\Routing\Dispatcher.php, line 120
Cake\Routing\Dispatcher::dispatch() - CORE\src\Routing\Dispatcher.php, line 87
[main] - ROOT\webroot\index.php, line 37



2016-10-30 23:42:45 Notice: Notice (8): Undefined offset: 3 in [C:\xampp\htdocs\cms\src\Controller\AppController.php, line 96]
Trace:
Cake\Error\BaseErrorHandler::handleError() - CORE\src\Error\BaseErrorHandler.php, line 147
App\Controller\AppController::__categoryPage() - APP/Controller\AppController.php, line 96
App\Controller\AppController::__menuHeader() - APP/Controller\AppController.php, line 60
App\Controller\AppController::beforeRender() - APP/Controller\AppController.php, line 43
Cake\Event\EventManager::_callListener() - CORE\src\Event\EventManager.php, line 386
Cake\Event\EventManager::dispatch() - CORE\src\Event\EventManager.php, line 356
Cake\Controller\Controller::dispatchEvent() - CORE\src\Event\EventDispatcherTrait.php, line 78
Cake\Controller\Controller::render() - CORE\src\Controller\Controller.php, line 596
Cake\Routing\Dispatcher::_invoke() - CORE\src\Routing\Dispatcher.php, line 120
Cake\Routing\Dispatcher::dispatch() - CORE\src\Routing\Dispatcher.php, line 87
[main] - ROOT\webroot\index.php, line 37



2016-10-30 23:42:45 Notice: Notice (8): Undefined offset: 3 in [C:\xampp\htdocs\cms\src\Controller\AppController.php, line 98]
Trace:
Cake\Error\BaseErrorHandler::handleError() - CORE\src\Error\BaseErrorHandler.php, line 147
App\Controller\AppController::__categoryPage() - APP/Controller\AppController.php, line 98
App\Controller\AppController::__menuHeader() - APP/Controller\AppController.php, line 60
App\Controller\AppController::beforeRender() - APP/Controller\AppController.php, line 43
Cake\Event\EventManager::_callListener() - CORE\src\Event\EventManager.php, line 386
Cake\Event\EventManager::dispatch() - CORE\src\Event\EventManager.php, line 356
Cake\Controller\Controller::dispatchEvent() - CORE\src\Event\EventDispatcherTrait.php, line 78
Cake\Controller\Controller::render() - CORE\src\Controller\Controller.php, line 596
Cake\Routing\Dispatcher::_invoke() - CORE\src\Routing\Dispatcher.php, line 120
Cake\Routing\Dispatcher::dispatch() - CORE\src\Routing\Dispatcher.php, line 87
[main] - ROOT\webroot\index.php, line 37



2016-10-30 23:43:33 Notice: Notice (8): Undefined offset: 3 in [C:\xampp\htdocs\cms\src\Controller\AppController.php, line 94]
Trace:
Cake\Error\BaseErrorHandler::handleError() - CORE\src\Error\BaseErrorHandler.php, line 147
App\Controller\AppController::__categoryPage() - APP/Controller\AppController.php, line 94
App\Controller\AppController::__menuHeader() - APP/Controller\AppController.php, line 60
App\Controller\AppController::beforeRender() - APP/Controller\AppController.php, line 43
Cake\Event\EventManager::_callListener() - CORE\src\Event\EventManager.php, line 386
Cake\Event\EventManager::dispatch() - CORE\src\Event\EventManager.php, line 356
Cake\Controller\Controller::dispatchEvent() - CORE\src\Event\EventDispatcherTrait.php, line 78
Cake\Controller\Controller::render() - CORE\src\Controller\Controller.php, line 596
Cake\Routing\Dispatcher::_invoke() - CORE\src\Routing\Dispatcher.php, line 120
Cake\Routing\Dispatcher::dispatch() - CORE\src\Routing\Dispatcher.php, line 87
[main] - ROOT\webroot\index.php, line 37



2016-10-30 23:43:33 Notice: Notice (8): Undefined offset: 3 in [C:\xampp\htdocs\cms\src\Controller\AppController.php, line 96]
Trace:
Cake\Error\BaseErrorHandler::handleError() - CORE\src\Error\BaseErrorHandler.php, line 147
App\Controller\AppController::__categoryPage() - APP/Controller\AppController.php, line 96
App\Controller\AppController::__menuHeader() - APP/Controller\AppController.php, line 60
App\Controller\AppController::beforeRender() - APP/Controller\AppController.php, line 43
Cake\Event\EventManager::_callListener() - CORE\src\Event\EventManager.php, line 386
Cake\Event\EventManager::dispatch() - CORE\src\Event\EventManager.php, line 356
Cake\Controller\Controller::dispatchEvent() - CORE\src\Event\EventDispatcherTrait.php, line 78
Cake\Controller\Controller::render() - CORE\src\Controller\Controller.php, line 596
Cake\Routing\Dispatcher::_invoke() - CORE\src\Routing\Dispatcher.php, line 120
Cake\Routing\Dispatcher::dispatch() - CORE\src\Routing\Dispatcher.php, line 87
[main] - ROOT\webroot\index.php, line 37



2016-10-30 23:43:44 Notice: Notice (8): Undefined offset: 3 in [C:\xampp\htdocs\cms\src\Controller\AppController.php, line 94]
Trace:
Cake\Error\BaseErrorHandler::handleError() - CORE\src\Error\BaseErrorHandler.php, line 147
App\Controller\AppController::__categoryPage() - APP/Controller\AppController.php, line 94
App\Controller\AppController::__menuHeader() - APP/Controller\AppController.php, line 60
App\Controller\AppController::beforeRender() - APP/Controller\AppController.php, line 43
Cake\Event\EventManager::_callListener() - CORE\src\Event\EventManager.php, line 386
Cake\Event\EventManager::dispatch() - CORE\src\Event\EventManager.php, line 356
Cake\Controller\Controller::dispatchEvent() - CORE\src\Event\EventDispatcherTrait.php, line 78
Cake\Controller\Controller::render() - CORE\src\Controller\Controller.php, line 596
Cake\Routing\Dispatcher::_invoke() - CORE\src\Routing\Dispatcher.php, line 120
Cake\Routing\Dispatcher::dispatch() - CORE\src\Routing\Dispatcher.php, line 87
[main] - ROOT\webroot\index.php, line 37



2016-10-30 23:43:44 Notice: Notice (8): Undefined offset: 3 in [C:\xampp\htdocs\cms\src\Controller\AppController.php, line 96]
Trace:
Cake\Error\BaseErrorHandler::handleError() - CORE\src\Error\BaseErrorHandler.php, line 147
App\Controller\AppController::__categoryPage() - APP/Controller\AppController.php, line 96
App\Controller\AppController::__menuHeader() - APP/Controller\AppController.php, line 60
App\Controller\AppController::beforeRender() - APP/Controller\AppController.php, line 43
Cake\Event\EventManager::_callListener() - CORE\src\Event\EventManager.php, line 386
Cake\Event\EventManager::dispatch() - CORE\src\Event\EventManager.php, line 356
Cake\Controller\Controller::dispatchEvent() - CORE\src\Event\EventDispatcherTrait.php, line 78
Cake\Controller\Controller::render() - CORE\src\Controller\Controller.php, line 596
Cake\Routing\Dispatcher::_invoke() - CORE\src\Routing\Dispatcher.php, line 120
Cake\Routing\Dispatcher::dispatch() - CORE\src\Routing\Dispatcher.php, line 87
[main] - ROOT\webroot\index.php, line 37



2016-10-30 23:44:06 Notice: Notice (8): Undefined offset: 3 in [C:\xampp\htdocs\cms\src\Controller\AppController.php, line 94]
Trace:
Cake\Error\BaseErrorHandler::handleError() - CORE\src\Error\BaseErrorHandler.php, line 147
App\Controller\AppController::__categoryPage() - APP/Controller\AppController.php, line 94
App\Controller\AppController::__menuHeader() - APP/Controller\AppController.php, line 60
App\Controller\AppController::beforeRender() - APP/Controller\AppController.php, line 43
Cake\Event\EventManager::_callListener() - CORE\src\Event\EventManager.php, line 386
Cake\Event\EventManager::dispatch() - CORE\src\Event\EventManager.php, line 356
Cake\Controller\Controller::dispatchEvent() - CORE\src\Event\EventDispatcherTrait.php, line 78
Cake\Controller\Controller::render() - CORE\src\Controller\Controller.php, line 596
Cake\Routing\Dispatcher::_invoke() - CORE\src\Routing\Dispatcher.php, line 120
Cake\Routing\Dispatcher::dispatch() - CORE\src\Routing\Dispatcher.php, line 87
[main] - ROOT\webroot\index.php, line 37



2016-10-30 23:44:06 Notice: Notice (8): Undefined offset: 3 in [C:\xampp\htdocs\cms\src\Controller\AppController.php, line 96]
Trace:
Cake\Error\BaseErrorHandler::handleError() - CORE\src\Error\BaseErrorHandler.php, line 147
App\Controller\AppController::__categoryPage() - APP/Controller\AppController.php, line 96
App\Controller\AppController::__menuHeader() - APP/Controller\AppController.php, line 60
App\Controller\AppController::beforeRender() - APP/Controller\AppController.php, line 43
Cake\Event\EventManager::_callListener() - CORE\src\Event\EventManager.php, line 386
Cake\Event\EventManager::dispatch() - CORE\src\Event\EventManager.php, line 356
Cake\Controller\Controller::dispatchEvent() - CORE\src\Event\EventDispatcherTrait.php, line 78
Cake\Controller\Controller::render() - CORE\src\Controller\Controller.php, line 596
Cake\Routing\Dispatcher::_invoke() - CORE\src\Routing\Dispatcher.php, line 120
Cake\Routing\Dispatcher::dispatch() - CORE\src\Routing\Dispatcher.php, line 87
[main] - ROOT\webroot\index.php, line 37



2016-10-30 23:45:20 Notice: Notice (8): Undefined offset: 3 in [C:\xampp\htdocs\cms\src\Controller\AppController.php, line 94]
Trace:
Cake\Error\BaseErrorHandler::handleError() - CORE\src\Error\BaseErrorHandler.php, line 147
App\Controller\AppController::__categoryPage() - APP/Controller\AppController.php, line 94
App\Controller\AppController::__menuHeader() - APP/Controller\AppController.php, line 60
App\Controller\AppController::beforeRender() - APP/Controller\AppController.php, line 43
Cake\Event\EventManager::_callListener() - CORE\src\Event\EventManager.php, line 386
Cake\Event\EventManager::dispatch() - CORE\src\Event\EventManager.php, line 356
Cake\Controller\Controller::dispatchEvent() - CORE\src\Event\EventDispatcherTrait.php, line 78
Cake\Controller\Controller::render() - CORE\src\Controller\Controller.php, line 596
Cake\Routing\Dispatcher::_invoke() - CORE\src\Routing\Dispatcher.php, line 120
Cake\Routing\Dispatcher::dispatch() - CORE\src\Routing\Dispatcher.php, line 87
[main] - ROOT\webroot\index.php, line 37



2016-10-30 23:45:20 Notice: Notice (8): Undefined offset: 3 in [C:\xampp\htdocs\cms\src\Controller\AppController.php, line 96]
Trace:
Cake\Error\BaseErrorHandler::handleError() - CORE\src\Error\BaseErrorHandler.php, line 147
App\Controller\AppController::__categoryPage() - APP/Controller\AppController.php, line 96
App\Controller\AppController::__menuHeader() - APP/Controller\AppController.php, line 60
App\Controller\AppController::beforeRender() - APP/Controller\AppController.php, line 43
Cake\Event\EventManager::_callListener() - CORE\src\Event\EventManager.php, line 386
Cake\Event\EventManager::dispatch() - CORE\src\Event\EventManager.php, line 356
Cake\Controller\Controller::dispatchEvent() - CORE\src\Event\EventDispatcherTrait.php, line 78
Cake\Controller\Controller::render() - CORE\src\Controller\Controller.php, line 596
Cake\Routing\Dispatcher::_invoke() - CORE\src\Routing\Dispatcher.php, line 120
Cake\Routing\Dispatcher::dispatch() - CORE\src\Routing\Dispatcher.php, line 87
[main] - ROOT\webroot\index.php, line 37



2016-10-30 23:45:48 Notice: Notice (8): Undefined variable: description in [C:\xampp\htdocs\cms\plugins\TopBiz\src\Template\Pages\page.ctp, line 34]
Trace:
Cake\Error\BaseErrorHandler::handleError() - CORE\src\Error\BaseErrorHandler.php, line 147
include - ROOT\plugins\TopBiz\src\Template\Pages\page.ctp, line 34
Cake\View\View::_evaluate() - CORE\src\View\View.php, line 992
Cake\View\View::_render() - CORE\src\View\View.php, line 952
Cake\View\View::render() - CORE\src\View\View.php, line 587
Cake\Controller\Controller::render() - CORE\src\Controller\Controller.php, line 611
Cake\Routing\Dispatcher::_invoke() - CORE\src\Routing\Dispatcher.php, line 120
Cake\Routing\Dispatcher::dispatch() - CORE\src\Routing\Dispatcher.php, line 87
[main] - ROOT\webroot\index.php, line 37



